{"/home/travis/build/npmtest/node-npmtest-easyimage/test.js":{"path":"/home/travis/build/npmtest/node-npmtest-easyimage/test.js","s":{"1":2,"2":2,"3":2,"4":2,"5":2,"6":2,"7":2,"8":1,"9":2,"10":2,"11":1,"12":1,"13":1,"14":1,"15":2,"16":2,"17":2,"18":2,"19":1,"20":1,"21":2,"22":2,"23":2,"24":1,"25":1,"26":1,"27":1,"28":1,"29":1,"30":1,"31":1,"32":1,"33":1,"34":1,"35":1,"36":1,"37":2,"38":2,"39":1,"40":2,"41":2,"42":1,"43":2,"44":2,"45":1,"46":2,"47":2,"48":1,"49":1,"50":1,"51":1,"52":1},"b":{"1":[2,1,1,1],"2":[1,1,1,1],"3":[1,1],"4":[1,1],"5":[1,1],"6":[1,1],"7":[1,1],"8":[1,1],"9":[1,1,1],"10":[1,1],"11":[1,1],"12":[1,1],"13":[1,1],"14":[1,1],"15":[1,1],"16":[1,1]},"f":{"1":2,"2":2,"3":2,"4":2,"5":2,"6":1,"7":1,"8":2,"9":2,"10":2,"11":2,"12":1},"fnMap":{"1":{"name":"(anonymous_1)","line":12,"loc":{"start":{"line":12,"column":1},"end":{"line":12,"column":13}}},"2":{"name":"(anonymous_2)","line":19,"loc":{"start":{"line":19,"column":5},"end":{"line":19,"column":17}}},"3":{"name":"(anonymous_3)","line":23,"loc":{"start":{"line":23,"column":24},"end":{"line":23,"column":36}}},"4":{"name":"(anonymous_4)","line":61,"loc":{"start":{"line":61,"column":5},"end":{"line":61,"column":17}}},"5":{"name":"(anonymous_5)","line":82,"loc":{"start":{"line":82,"column":5},"end":{"line":82,"column":17}}},"6":{"name":"(anonymous_6)","line":102,"loc":{"start":{"line":102,"column":83},"end":{"line":105,"column":10}},"skip":true},"7":{"name":"(anonymous_7)","line":113,"loc":{"start":{"line":113,"column":77},"end":{"line":116,"column":10}},"skip":true},"8":{"name":"(anonymous_8)","line":129,"loc":{"start":{"line":129,"column":12},"end":{"line":129,"column":40}},"skip":true},"9":{"name":"(anonymous_9)","line":137,"loc":{"start":{"line":137,"column":77},"end":{"line":140,"column":10}},"skip":true},"10":{"name":"(anonymous_10)","line":148,"loc":{"start":{"line":148,"column":83},"end":{"line":151,"column":10}},"skip":true},"11":{"name":"(anonymous_11)","line":159,"loc":{"start":{"line":159,"column":79},"end":{"line":162,"column":10}},"skip":true},"12":{"name":"(anonymous_12)","line":170,"loc":{"start":{"line":170,"column":75},"end":{"line":173,"column":10}},"skip":true}},"statementMap":{"1":{"start":{"line":12,"column":0},"end":{"line":185,"column":5}},"2":{"start":{"line":14,"column":4},"end":{"line":14,"column":14}},"3":{"start":{"line":19,"column":4},"end":{"line":56,"column":9}},"4":{"start":{"line":21,"column":8},"end":{"line":21,"column":19}},"5":{"start":{"line":23,"column":8},"end":{"line":35,"column":13}},"6":{"start":{"line":24,"column":12},"end":{"line":34,"column":13}},"7":{"start":{"line":25,"column":16},"end":{"line":28,"column":30}},"8":{"start":{"line":30,"column":16},"end":{"line":33,"column":27}},"9":{"start":{"line":37,"column":8},"end":{"line":39,"column":21}},"10":{"start":{"line":40,"column":8},"end":{"line":53,"column":9}},"11":{"start":{"line":43,"column":12},"end":{"line":46,"column":14}},"12":{"start":{"line":47,"column":12},"end":{"line":47,"column":18}},"13":{"start":{"line":50,"column":12},"end":{"line":51,"column":46}},"14":{"start":{"line":52,"column":12},"end":{"line":52,"column":18}},"15":{"start":{"line":55,"column":8},"end":{"line":55,"column":35}},"16":{"start":{"line":61,"column":4},"end":{"line":63,"column":9}},"17":{"start":{"line":62,"column":8},"end":{"line":62,"column":15}},"18":{"start":{"line":64,"column":4},"end":{"line":77,"column":5}},"19":{"start":{"line":70,"column":8},"end":{"line":70,"column":14}},"20":{"start":{"line":76,"column":8},"end":{"line":76,"column":14}},"21":{"start":{"line":82,"column":4},"end":{"line":84,"column":9}},"22":{"start":{"line":83,"column":8},"end":{"line":83,"column":15}},"23":{"start":{"line":85,"column":4},"end":{"line":184,"column":5}},"24":{"start":{"line":92,"column":8},"end":{"line":94,"column":63}},"25":{"start":{"line":95,"column":8},"end":{"line":95,"column":14}},"26":{"start":{"line":102,"column":8},"end":{"line":111,"column":10},"skip":true},"27":{"start":{"line":109,"column":12},"end":{"line":109,"column":55},"skip":true},"28":{"start":{"line":110,"column":12},"end":{"line":110,"column":48},"skip":true},"29":{"start":{"line":113,"column":8},"end":{"line":126,"column":10},"skip":true},"30":{"start":{"line":120,"column":12},"end":{"line":120,"column":76},"skip":true},"31":{"start":{"line":121,"column":12},"end":{"line":121,"column":73},"skip":true},"32":{"start":{"line":122,"column":12},"end":{"line":122,"column":74},"skip":true},"33":{"start":{"line":123,"column":12},"end":{"line":123,"column":79},"skip":true},"34":{"start":{"line":124,"column":12},"end":{"line":124,"column":25},"skip":true},"35":{"start":{"line":125,"column":12},"end":{"line":125,"column":45},"skip":true},"36":{"start":{"line":128,"column":8},"end":{"line":135,"column":14},"skip":true},"37":{"start":{"line":133,"column":16},"end":{"line":133,"column":29},"skip":true},"38":{"start":{"line":134,"column":16},"end":{"line":134,"column":55},"skip":true},"39":{"start":{"line":137,"column":8},"end":{"line":146,"column":10},"skip":true},"40":{"start":{"line":144,"column":12},"end":{"line":144,"column":25},"skip":true},"41":{"start":{"line":145,"column":12},"end":{"line":145,"column":45},"skip":true},"42":{"start":{"line":148,"column":8},"end":{"line":157,"column":10},"skip":true},"43":{"start":{"line":155,"column":12},"end":{"line":155,"column":25},"skip":true},"44":{"start":{"line":156,"column":12},"end":{"line":156,"column":48},"skip":true},"45":{"start":{"line":159,"column":8},"end":{"line":168,"column":10},"skip":true},"46":{"start":{"line":166,"column":12},"end":{"line":166,"column":25},"skip":true},"47":{"start":{"line":167,"column":12},"end":{"line":167,"column":46},"skip":true},"48":{"start":{"line":170,"column":8},"end":{"line":179,"column":10},"skip":true},"49":{"start":{"line":177,"column":12},"end":{"line":177,"column":94},"skip":true},"50":{"start":{"line":178,"column":12},"end":{"line":178,"column":48},"skip":true},"51":{"start":{"line":182,"column":8},"end":{"line":182,"column":35},"skip":true},"52":{"start":{"line":183,"column":8},"end":{"line":183,"column":14},"skip":true}},"branchMap":{"1":{"line":25,"type":"binary-expr","locations":[{"start":{"line":25,"column":23},"end":{"line":25,"column":62}},{"start":{"line":26,"column":20},"end":{"line":26,"column":70}},{"start":{"line":27,"column":20},"end":{"line":27,"column":71}},{"start":{"line":28,"column":20},"end":{"line":28,"column":29}}]},"2":{"line":30,"type":"binary-expr","locations":[{"start":{"line":30,"column":23},"end":{"line":30,"column":37}},{"start":{"line":31,"column":20},"end":{"line":31,"column":61}},{"start":{"line":32,"column":20},"end":{"line":32,"column":70}},{"start":{"line":33,"column":20},"end":{"line":33,"column":26}}]},"3":{"line":37,"type":"cond-expr","locations":[{"start":{"line":38,"column":14},"end":{"line":38,"column":20}},{"start":{"line":39,"column":14},"end":{"line":39,"column":20}}]},"4":{"line":40,"type":"switch","locations":[{"start":{"line":42,"column":8},"end":{"line":47,"column":18}},{"start":{"line":49,"column":8},"end":{"line":52,"column":18}}]},"5":{"line":44,"type":"binary-expr","locations":[{"start":{"line":44,"column":16},"end":{"line":44,"column":44}},{"start":{"line":44,"column":48},"end":{"line":44,"column":66}}]},"6":{"line":50,"type":"binary-expr","locations":[{"start":{"line":50,"column":21},"end":{"line":50,"column":49}},{"start":{"line":50,"column":53},"end":{"line":50,"column":72}}]},"7":{"line":64,"type":"switch","locations":[{"start":{"line":69,"column":4},"end":{"line":70,"column":14}},{"start":{"line":75,"column":4},"end":{"line":76,"column":14}}]},"8":{"line":85,"type":"switch","locations":[{"start":{"line":90,"column":4},"end":{"line":95,"column":14}},{"start":{"line":101,"column":4},"end":{"line":183,"column":14},"skip":true}]},"9":{"line":92,"type":"binary-expr","locations":[{"start":{"line":92,"column":18},"end":{"line":92,"column":32}},{"start":{"line":93,"column":12},"end":{"line":93,"column":53}},{"start":{"line":94,"column":12},"end":{"line":94,"column":61}}]},"10":{"line":102,"type":"binary-expr","locations":[{"start":{"line":102,"column":45},"end":{"line":102,"column":79},"skip":true},{"start":{"line":102,"column":83},"end":{"line":111,"column":9},"skip":true}]},"11":{"line":113,"type":"binary-expr","locations":[{"start":{"line":113,"column":42},"end":{"line":113,"column":73},"skip":true},{"start":{"line":113,"column":77},"end":{"line":126,"column":9},"skip":true}]},"12":{"line":128,"type":"binary-expr","locations":[{"start":{"line":128,"column":48},"end":{"line":128,"column":85},"skip":true},{"start":{"line":129,"column":12},"end":{"line":135,"column":13},"skip":true}]},"13":{"line":137,"type":"binary-expr","locations":[{"start":{"line":137,"column":42},"end":{"line":137,"column":73},"skip":true},{"start":{"line":137,"column":77},"end":{"line":146,"column":9},"skip":true}]},"14":{"line":148,"type":"binary-expr","locations":[{"start":{"line":148,"column":45},"end":{"line":148,"column":79},"skip":true},{"start":{"line":148,"column":83},"end":{"line":157,"column":9},"skip":true}]},"15":{"line":159,"type":"binary-expr","locations":[{"start":{"line":159,"column":43},"end":{"line":159,"column":75},"skip":true},{"start":{"line":159,"column":79},"end":{"line":168,"column":9},"skip":true}]},"16":{"line":170,"type":"binary-expr","locations":[{"start":{"line":170,"column":41},"end":{"line":170,"column":71},"skip":true},{"start":{"line":170,"column":75},"end":{"line":179,"column":9},"skip":true}]}},"code":["/* istanbul instrument in package npmtest_easyimage */","/*jslint","    bitwise: true,","    browser: true,","    maxerr: 8,","    maxlen: 96,","    node: true,","    nomen: true,","    regexp: true,","    stupid: true","*/","(function () {","    'use strict';","    var local;","","","","    // run shared js-env code - pre-init","    (function () {","        // init local","        local = {};","        // init modeJs","        local.modeJs = (function () {","            try {","                return typeof navigator.userAgent === 'string' &&","                    typeof document.querySelector('body') === 'object' &&","                    typeof XMLHttpRequest.prototype.open === 'function' &&","                    'browser';","            } catch (errorCaughtBrowser) {","                return module.exports &&","                    typeof process.versions.node === 'string' &&","                    typeof require('http').createServer === 'function' &&","                    'node';","            }","        }());","        // init global","        local.global = local.modeJs === 'browser'","            ? window","            : global;","        switch (local.modeJs) {","        // re-init local from window.local","        case 'browser':","            local = local.global.utility2.objectSetDefault(","                local.global.utility2_rollup || local.global.local,","                local.global.utility2","            );","            break;","        // re-init local from example.js","        case 'node':","            local = (local.global.utility2_rollup || require('utility2'))","                .requireExampleJsFromReadme();","            break;","        }","        // export local","        local.global.local = local;","    }());","","","","    // run shared js-env code - function","    (function () {","        return;","    }());","    switch (local.modeJs) {","","","","    // run browser js-env code - function","    case 'browser':","        break;","","","","    // run node js-env code - function","    case 'node':","        break;","    }","","","","    // run shared js-env code - post-init","    (function () {","        return;","    }());","    switch (local.modeJs) {","","","","    // run browser js-env code - post-init","    case 'browser':","        // run tests","        local.nop(local.modeTest &&","            document.querySelector('#testRunButton1') &&","            document.querySelector('#testRunButton1').click());","        break;","","","","    // run node js-env code - post-init","    /* istanbul ignore next */","    case 'node':","        local.testCase_buildApidoc_default = local.testCase_buildApidoc_default || function (","            options,","            onError","        ) {","        /*","         * this function will test buildApidoc's default handling-behavior-behavior","         */","            options = { modulePathList: module.paths };","            local.buildApidoc(options, onError);","        };","","        local.testCase_buildApp_default = local.testCase_buildApp_default || function (","            options,","            onError","        ) {","        /*","         * this function will test buildApp's default handling-behavior-behavior","         */","            local.testCase_buildReadme_default(options, local.onErrorThrow);","            local.testCase_buildLib_default(options, local.onErrorThrow);","            local.testCase_buildTest_default(options, local.onErrorThrow);","            local.testCase_buildCustomOrg_default(options, local.onErrorThrow);","            options = [];","            local.buildApp(options, onError);","        };","","        local.testCase_buildCustomOrg_default = local.testCase_buildCustomOrg_default ||","            function (options, onError) {","            /*","             * this function will test buildCustomOrg's default handling-behavior","             */","                options = {};","                local.buildCustomOrg(options, onError);","            };","","        local.testCase_buildLib_default = local.testCase_buildLib_default || function (","            options,","            onError","        ) {","        /*","         * this function will test buildLib's default handling-behavior","         */","            options = {};","            local.buildLib(options, onError);","        };","","        local.testCase_buildReadme_default = local.testCase_buildReadme_default || function (","            options,","            onError","        ) {","        /*","         * this function will test buildReadme's default handling-behavior-behavior","         */","            options = {};","            local.buildReadme(options, onError);","        };","","        local.testCase_buildTest_default = local.testCase_buildTest_default || function (","            options,","            onError","        ) {","        /*","         * this function will test buildTest's default handling-behavior","         */","            options = {};","            local.buildTest(options, onError);","        };","","        local.testCase_webpage_default = local.testCase_webpage_default || function (","            options,","            onError","        ) {","        /*","         * this function will test webpage's default handling-behavior","         */","            options = { modeCoverageMerge: true, url: local.serverLocalHost + '?modeTest=1' };","            local.browserTest(options, onError);","        };","","        // run test-server","        local.testRunServer(local);","        break;","    }","}());",""],"l":{"12":2,"14":2,"19":2,"21":2,"23":2,"24":2,"25":2,"30":1,"37":2,"40":2,"43":1,"47":1,"50":1,"52":1,"55":2,"61":2,"62":2,"64":2,"70":1,"76":1,"82":2,"83":2,"85":2,"92":1,"95":1,"102":1,"109":1,"110":1,"113":1,"120":1,"121":1,"122":1,"123":1,"124":1,"125":1,"128":1,"133":2,"134":2,"137":1,"144":2,"145":2,"148":1,"155":2,"156":2,"159":1,"166":2,"167":2,"170":1,"177":1,"178":1,"182":1,"183":1}},"/home/travis/build/npmtest/node-npmtest-easyimage/lib.npmtest_easyimage.js":{"path":"/home/travis/build/npmtest/node-npmtest-easyimage/lib.npmtest_easyimage.js","s":{"1":2,"2":2,"3":2,"4":2,"5":2,"6":2,"7":2,"8":1,"9":2,"10":2,"11":2,"12":2,"13":1,"14":1,"15":1,"16":1},"b":{"1":[2,1,1,1],"2":[1,1,1,1],"3":[1,1],"4":[2,2],"5":[1,1]},"f":{"1":2,"2":2,"3":2},"fnMap":{"1":{"name":"(anonymous_1)","line":12,"loc":{"start":{"line":12,"column":1},"end":{"line":12,"column":13}}},"2":{"name":"(anonymous_2)","line":19,"loc":{"start":{"line":19,"column":5},"end":{"line":19,"column":17}}},"3":{"name":"(anonymous_3)","line":23,"loc":{"start":{"line":23,"column":24},"end":{"line":23,"column":36}}}},"statementMap":{"1":{"start":{"line":12,"column":0},"end":{"line":53,"column":5}},"2":{"start":{"line":14,"column":4},"end":{"line":14,"column":14}},"3":{"start":{"line":19,"column":4},"end":{"line":52,"column":9}},"4":{"start":{"line":21,"column":8},"end":{"line":21,"column":19}},"5":{"start":{"line":23,"column":8},"end":{"line":35,"column":13}},"6":{"start":{"line":24,"column":12},"end":{"line":34,"column":13}},"7":{"start":{"line":25,"column":16},"end":{"line":28,"column":30}},"8":{"start":{"line":30,"column":16},"end":{"line":33,"column":27}},"9":{"start":{"line":37,"column":8},"end":{"line":39,"column":21}},"10":{"start":{"line":41,"column":8},"end":{"line":41,"column":54}},"11":{"start":{"line":43,"column":8},"end":{"line":43,"column":54}},"12":{"start":{"line":45,"column":8},"end":{"line":51,"column":9}},"13":{"start":{"line":46,"column":12},"end":{"line":46,"column":60}},"14":{"start":{"line":48,"column":12},"end":{"line":48,"column":35}},"15":{"start":{"line":49,"column":12},"end":{"line":49,"column":49}},"16":{"start":{"line":50,"column":12},"end":{"line":50,"column":43}}},"branchMap":{"1":{"line":25,"type":"binary-expr","locations":[{"start":{"line":25,"column":23},"end":{"line":25,"column":62}},{"start":{"line":26,"column":20},"end":{"line":26,"column":70}},{"start":{"line":27,"column":20},"end":{"line":27,"column":71}},{"start":{"line":28,"column":20},"end":{"line":28,"column":29}}]},"2":{"line":30,"type":"binary-expr","locations":[{"start":{"line":30,"column":23},"end":{"line":30,"column":37}},{"start":{"line":31,"column":20},"end":{"line":31,"column":61}},{"start":{"line":32,"column":20},"end":{"line":32,"column":70}},{"start":{"line":33,"column":20},"end":{"line":33,"column":26}}]},"3":{"line":37,"type":"cond-expr","locations":[{"start":{"line":38,"column":14},"end":{"line":38,"column":20}},{"start":{"line":39,"column":14},"end":{"line":39,"column":20}}]},"4":{"line":41,"type":"binary-expr","locations":[{"start":{"line":41,"column":16},"end":{"line":41,"column":44}},{"start":{"line":41,"column":48},"end":{"line":41,"column":53}}]},"5":{"line":45,"type":"if","locations":[{"start":{"line":45,"column":8},"end":{"line":45,"column":8}},{"start":{"line":45,"column":8},"end":{"line":45,"column":8}}]}},"code":["/* istanbul instrument in package npmtest_easyimage */","/*jslint","    bitwise: true,","    browser: true,","    maxerr: 8,","    maxlen: 96,","    node: true,","    nomen: true,","    regexp: true,","    stupid: true","*/","(function () {","    'use strict';","    var local;","","","","    // run shared js-env code - pre-init","    (function () {","        // init local","        local = {};","        // init modeJs","        local.modeJs = (function () {","            try {","                return typeof navigator.userAgent === 'string' &&","                    typeof document.querySelector('body') === 'object' &&","                    typeof XMLHttpRequest.prototype.open === 'function' &&","                    'browser';","            } catch (errorCaughtBrowser) {","                return module.exports &&","                    typeof process.versions.node === 'string' &&","                    typeof require('http').createServer === 'function' &&","                    'node';","            }","        }());","        // init global","        local.global = local.modeJs === 'browser'","            ? window","            : global;","        // init utility2_rollup","        local = local.global.utility2_rollup || local;","        // init lib","        local.local = local.npmtest_easyimage = local;","        // init exports","        if (local.modeJs === 'browser') {","            local.global.utility2_npmtest_easyimage = local;","        } else {","            module.exports = local;","            module.exports.__dirname = __dirname;","            module.exports.module = module;","        }","    }());","}());",""],"l":{"12":2,"14":2,"19":2,"21":2,"23":2,"24":2,"25":2,"30":1,"37":2,"41":2,"43":2,"45":2,"46":1,"48":1,"49":1,"50":1}},"/home/travis/build/npmtest/node-npmtest-easyimage/example.js":{"path":"/home/travis/build/npmtest/node-npmtest-easyimage/example.js","s":{"1":2,"2":2,"3":2,"4":2,"5":2,"6":2,"7":2,"8":1,"9":2,"10":2,"11":2,"12":2,"13":1,"14":2,"15":2,"16":2,"17":2,"18":2,"19":0,"20":2,"21":1,"22":1,"23":1,"24":1,"25":1,"26":0,"27":0,"28":1,"29":1,"30":2,"31":0,"32":0,"33":0,"34":1,"35":2,"36":2,"37":2,"38":2,"39":2,"40":2,"41":0,"42":2,"43":2,"44":2,"45":1,"46":3,"47":1,"48":1,"49":1,"50":1,"51":1,"52":1,"53":1,"54":1,"55":1,"56":1,"57":0,"58":1,"59":6,"60":6,"61":1,"62":2,"63":0,"64":2,"65":1,"66":1,"67":0,"68":0,"69":0,"70":0,"71":0,"72":0,"73":0,"74":0,"75":0,"76":0,"77":0,"78":0,"79":0,"80":0,"81":0,"82":0,"83":0},"b":{"1":[2,1,1,1],"2":[1,1,1,1],"3":[1,1],"4":[2,2],"5":[1,1],"6":[1,1],"7":[2,0],"8":[2,1,1,1,1,1],"9":[0,2,0],"10":[1,1],"11":[2,1,1],"12":[1,0],"13":[0,2],"14":[2,0,0,0,0,0,0],"15":[0,2],"16":[2,0],"17":[1,1],"18":[0,1],"19":[1,2,0,2],"20":[1,0],"21":[1,1],"22":[0,0],"23":[0,0],"24":[0,0],"25":[0,0],"26":[0,0],"27":[0,0],"28":[0,0]},"f":{"1":2,"2":2,"3":2,"4":2,"5":2,"6":2,"7":2,"8":2,"9":3,"10":1,"11":6,"12":0},"fnMap":{"1":{"name":"(anonymous_1)","line":26,"loc":{"start":{"line":26,"column":1},"end":{"line":26,"column":13}}},"2":{"name":"(anonymous_2)","line":33,"loc":{"start":{"line":33,"column":5},"end":{"line":33,"column":17}}},"3":{"name":"(anonymous_3)","line":37,"loc":{"start":{"line":37,"column":24},"end":{"line":37,"column":36}}},"4":{"name":"(anonymous_4)","line":69,"loc":{"start":{"line":69,"column":31},"end":{"line":69,"column":48}},"skip":true},"5":{"name":"(anonymous_5)","line":78,"loc":{"start":{"line":78,"column":26},"end":{"line":78,"column":45}},"skip":true},"6":{"name":"(anonymous_6)","line":123,"loc":{"start":{"line":123,"column":33},"end":{"line":123,"column":48}},"skip":true},"7":{"name":"(anonymous_7)","line":125,"loc":{"start":{"line":125,"column":27},"end":{"line":125,"column":39}},"skip":true},"8":{"name":"(anonymous_8)","line":133,"loc":{"start":{"line":133,"column":59},"end":{"line":133,"column":74}},"skip":true},"9":{"name":"(anonymous_9)","line":143,"loc":{"start":{"line":143,"column":45},"end":{"line":143,"column":62}},"skip":true},"10":{"name":"(anonymous_10)","line":144,"loc":{"start":{"line":144,"column":73},"end":{"line":144,"column":92}},"skip":true},"11":{"name":"(anonymous_11)","line":272,"loc":{"start":{"line":272,"column":51},"end":{"line":272,"column":77}},"skip":true},"12":{"name":"(anonymous_12)","line":314,"loc":{"start":{"line":314,"column":32},"end":{"line":314,"column":61}},"skip":true}},"statementMap":{"1":{"start":{"line":26,"column":0},"end":{"line":325,"column":5}},"2":{"start":{"line":28,"column":4},"end":{"line":28,"column":14}},"3":{"start":{"line":33,"column":4},"end":{"line":60,"column":9}},"4":{"start":{"line":35,"column":8},"end":{"line":35,"column":19}},"5":{"start":{"line":37,"column":8},"end":{"line":49,"column":13}},"6":{"start":{"line":38,"column":12},"end":{"line":48,"column":13}},"7":{"start":{"line":39,"column":16},"end":{"line":42,"column":30}},"8":{"start":{"line":44,"column":16},"end":{"line":47,"column":27}},"9":{"start":{"line":51,"column":8},"end":{"line":53,"column":21}},"10":{"start":{"line":55,"column":8},"end":{"line":57,"column":45}},"11":{"start":{"line":59,"column":8},"end":{"line":59,"column":35}},"12":{"start":{"line":61,"column":4},"end":{"line":324,"column":5}},"13":{"start":{"line":69,"column":8},"end":{"line":121,"column":10},"skip":true},"14":{"start":{"line":70,"column":12},"end":{"line":88,"column":13},"skip":true},"15":{"start":{"line":76,"column":16},"end":{"line":87,"column":19},"skip":true},"16":{"start":{"line":79,"column":20},"end":{"line":86,"column":21},"skip":true},"17":{"start":{"line":82,"column":24},"end":{"line":82,"column":43},"skip":true},"18":{"start":{"line":83,"column":24},"end":{"line":83,"column":30},"skip":true},"19":{"start":{"line":85,"column":24},"end":{"line":85,"column":49},"skip":true},"20":{"start":{"line":89,"column":12},"end":{"line":107,"column":13},"skip":true},"21":{"start":{"line":92,"column":16},"end":{"line":102,"column":17},"skip":true},"22":{"start":{"line":93,"column":20},"end":{"line":93,"column":86},"skip":true},"23":{"start":{"line":94,"column":20},"end":{"line":95,"column":45},"skip":true},"24":{"start":{"line":96,"column":20},"end":{"line":96,"column":42},"skip":true},"25":{"start":{"line":97,"column":20},"end":{"line":97,"column":48},"skip":true},"26":{"start":{"line":100,"column":20},"end":{"line":100,"column":85},"skip":true},"27":{"start":{"line":101,"column":20},"end":{"line":101,"column":96},"skip":true},"28":{"start":{"line":103,"column":16},"end":{"line":103,"column":22},"skip":true},"29":{"start":{"line":106,"column":16},"end":{"line":106,"column":22},"skip":true},"30":{"start":{"line":108,"column":12},"end":{"line":120,"column":13},"skip":true},"31":{"start":{"line":114,"column":16},"end":{"line":119,"column":17},"skip":true},"32":{"start":{"line":116,"column":20},"end":{"line":116,"column":78},"skip":true},"33":{"start":{"line":118,"column":20},"end":{"line":118,"column":47},"skip":true},"34":{"start":{"line":123,"column":8},"end":{"line":141,"column":11},"skip":true},"35":{"start":{"line":124,"column":12},"end":{"line":124,"column":54},"skip":true},"36":{"start":{"line":125,"column":12},"end":{"line":140,"column":14},"skip":true},"37":{"start":{"line":126,"column":16},"end":{"line":126,"column":28},"skip":true},"38":{"start":{"line":127,"column":16},"end":{"line":127,"column":69},"skip":true},"39":{"start":{"line":128,"column":16},"end":{"line":128,"column":75},"skip":true},"40":{"start":{"line":129,"column":16},"end":{"line":131,"column":17},"skip":true},"41":{"start":{"line":130,"column":20},"end":{"line":130,"column":27},"skip":true},"42":{"start":{"line":133,"column":16},"end":{"line":137,"column":36},"skip":true},"43":{"start":{"line":134,"column":20},"end":{"line":136,"column":55},"skip":true},"44":{"start":{"line":139,"column":16},"end":{"line":139,"column":57},"skip":true},"45":{"start":{"line":143,"column":8},"end":{"line":147,"column":11},"skip":true},"46":{"start":{"line":144,"column":12},"end":{"line":146,"column":15},"skip":true},"47":{"start":{"line":145,"column":16},"end":{"line":145,"column":70},"skip":true},"48":{"start":{"line":149,"column":8},"end":{"line":149,"column":31},"skip":true},"49":{"start":{"line":150,"column":8},"end":{"line":150,"column":14},"skip":true},"50":{"start":{"line":158,"column":8},"end":{"line":158,"column":31},"skip":true},"51":{"start":{"line":160,"column":8},"end":{"line":160,"column":33},"skip":true},"52":{"start":{"line":161,"column":8},"end":{"line":161,"column":37},"skip":true},"53":{"start":{"line":162,"column":8},"end":{"line":162,"column":35},"skip":true},"54":{"start":{"line":164,"column":8},"end":{"line":164,"column":50},"skip":true},"55":{"start":{"line":166,"column":8},"end":{"line":256,"column":2},"skip":true},"56":{"start":{"line":258,"column":8},"end":{"line":286,"column":9},"skip":true},"57":{"start":{"line":259,"column":12},"end":{"line":269,"column":14},"skip":true},"58":{"start":{"line":271,"column":12},"end":{"line":285,"column":19},"skip":true},"59":{"start":{"line":274,"column":20},"end":{"line":274,"column":35},"skip":true},"60":{"start":{"line":275,"column":20},"end":{"line":284,"column":21},"skip":true},"61":{"start":{"line":277,"column":24},"end":{"line":277,"column":64},"skip":true},"62":{"start":{"line":279,"column":24},"end":{"line":279,"column":40},"skip":true},"63":{"start":{"line":281,"column":24},"end":{"line":281,"column":40},"skip":true},"64":{"start":{"line":283,"column":24},"end":{"line":283,"column":39},"skip":true},"65":{"start":{"line":288,"column":8},"end":{"line":290,"column":9},"skip":true},"66":{"start":{"line":289,"column":12},"end":{"line":289,"column":18},"skip":true},"67":{"start":{"line":291,"column":8},"end":{"line":293,"column":54},"skip":true},"68":{"start":{"line":294,"column":8},"end":{"line":301,"column":37},"skip":true},"69":{"start":{"line":302,"column":8},"end":{"line":302,"column":82},"skip":true},"70":{"start":{"line":305,"column":8},"end":{"line":307,"column":9},"skip":true},"71":{"start":{"line":306,"column":12},"end":{"line":306,"column":82},"skip":true},"72":{"start":{"line":309,"column":8},"end":{"line":311,"column":9},"skip":true},"73":{"start":{"line":310,"column":12},"end":{"line":310,"column":18},"skip":true},"74":{"start":{"line":312,"column":8},"end":{"line":312,"column":54},"skip":true},"75":{"start":{"line":313,"column":8},"end":{"line":313,"column":69},"skip":true},"76":{"start":{"line":314,"column":8},"end":{"line":322,"column":36},"skip":true},"77":{"start":{"line":315,"column":12},"end":{"line":315,"column":61},"skip":true},"78":{"start":{"line":316,"column":12},"end":{"line":319,"column":13},"skip":true},"79":{"start":{"line":317,"column":16},"end":{"line":317,"column":75},"skip":true},"80":{"start":{"line":318,"column":16},"end":{"line":318,"column":23},"skip":true},"81":{"start":{"line":320,"column":12},"end":{"line":320,"column":38},"skip":true},"82":{"start":{"line":321,"column":12},"end":{"line":321,"column":27},"skip":true},"83":{"start":{"line":323,"column":8},"end":{"line":323,"column":14},"skip":true}},"branchMap":{"1":{"line":39,"type":"binary-expr","locations":[{"start":{"line":39,"column":23},"end":{"line":39,"column":62}},{"start":{"line":40,"column":20},"end":{"line":40,"column":70}},{"start":{"line":41,"column":20},"end":{"line":41,"column":71}},{"start":{"line":42,"column":20},"end":{"line":42,"column":29}}]},"2":{"line":44,"type":"binary-expr","locations":[{"start":{"line":44,"column":23},"end":{"line":44,"column":37}},{"start":{"line":45,"column":20},"end":{"line":45,"column":61}},{"start":{"line":46,"column":20},"end":{"line":46,"column":70}},{"start":{"line":47,"column":20},"end":{"line":47,"column":26}}]},"3":{"line":51,"type":"cond-expr","locations":[{"start":{"line":52,"column":14},"end":{"line":52,"column":20}},{"start":{"line":53,"column":14},"end":{"line":53,"column":20}}]},"4":{"line":55,"type":"binary-expr","locations":[{"start":{"line":55,"column":16},"end":{"line":55,"column":44}},{"start":{"line":55,"column":49},"end":{"line":57,"column":43}}]},"5":{"line":55,"type":"cond-expr","locations":[{"start":{"line":56,"column":14},"end":{"line":56,"column":53}},{"start":{"line":57,"column":14},"end":{"line":57,"column":43}}]},"6":{"line":61,"type":"switch","locations":[{"start":{"line":68,"column":4},"end":{"line":150,"column":14},"skip":true},{"start":{"line":156,"column":4},"end":{"line":323,"column":14},"skip":true}]},"7":{"line":70,"type":"if","locations":[{"start":{"line":70,"column":12},"end":{"line":70,"column":12},"skip":true},{"start":{"line":70,"column":12},"end":{"line":70,"column":12},"skip":true}]},"8":{"line":70,"type":"binary-expr","locations":[{"start":{"line":70,"column":16},"end":{"line":70,"column":22},"skip":true},{"start":{"line":70,"column":27},"end":{"line":70,"column":32},"skip":true},{"start":{"line":71,"column":20},"end":{"line":71,"column":39},"skip":true},{"start":{"line":72,"column":20},"end":{"line":72,"column":49},"skip":true},{"start":{"line":73,"column":20},"end":{"line":73,"column":58},"skip":true},{"start":{"line":74,"column":20},"end":{"line":74,"column":69},"skip":true}]},"9":{"line":79,"type":"switch","locations":[{"start":{"line":80,"column":20},"end":{"line":80,"column":33},"skip":true},{"start":{"line":81,"column":20},"end":{"line":83,"column":30},"skip":true},{"start":{"line":84,"column":20},"end":{"line":85,"column":49},"skip":true}]},"10":{"line":89,"type":"switch","locations":[{"start":{"line":90,"column":12},"end":{"line":103,"column":22},"skip":true},{"start":{"line":105,"column":12},"end":{"line":106,"column":22},"skip":true}]},"11":{"line":89,"type":"binary-expr","locations":[{"start":{"line":89,"column":20},"end":{"line":89,"column":25},"skip":true},{"start":{"line":89,"column":29},"end":{"line":89,"column":48},"skip":true},{"start":{"line":89,"column":52},"end":{"line":89,"column":74},"skip":true}]},"12":{"line":92,"type":"if","locations":[{"start":{"line":92,"column":16},"end":{"line":92,"column":16},"skip":true},{"start":{"line":92,"column":16},"end":{"line":92,"column":16},"skip":true}]},"13":{"line":108,"type":"if","locations":[{"start":{"line":108,"column":12},"end":{"line":108,"column":12},"skip":true},{"start":{"line":108,"column":12},"end":{"line":108,"column":12},"skip":true}]},"14":{"line":108,"type":"binary-expr","locations":[{"start":{"line":108,"column":16},"end":{"line":108,"column":61},"skip":true},{"start":{"line":108,"column":66},"end":{"line":108,"column":72},"skip":true},{"start":{"line":108,"column":77},"end":{"line":108,"column":82},"skip":true},{"start":{"line":109,"column":20},"end":{"line":109,"column":39},"skip":true},{"start":{"line":110,"column":20},"end":{"line":110,"column":49},"skip":true},{"start":{"line":111,"column":20},"end":{"line":111,"column":58},"skip":true},{"start":{"line":112,"column":20},"end":{"line":112,"column":68},"skip":true}]},"15":{"line":129,"type":"if","locations":[{"start":{"line":129,"column":16},"end":{"line":129,"column":16},"skip":true},{"start":{"line":129,"column":16},"end":{"line":129,"column":16},"skip":true}]},"16":{"line":134,"type":"cond-expr","locations":[{"start":{"line":135,"column":26},"end":{"line":135,"column":29},"skip":true},{"start":{"line":136,"column":26},"end":{"line":136,"column":54},"skip":true}]},"17":{"line":164,"type":"binary-expr","locations":[{"start":{"line":164,"column":27},"end":{"line":164,"column":43},"skip":true},{"start":{"line":164,"column":47},"end":{"line":164,"column":49},"skip":true}]},"18":{"line":258,"type":"if","locations":[{"start":{"line":258,"column":8},"end":{"line":258,"column":8},"skip":true},{"start":{"line":258,"column":8},"end":{"line":258,"column":8},"skip":true}]},"19":{"line":275,"type":"switch","locations":[{"start":{"line":276,"column":20},"end":{"line":277,"column":64},"skip":true},{"start":{"line":278,"column":20},"end":{"line":279,"column":40},"skip":true},{"start":{"line":280,"column":20},"end":{"line":281,"column":40},"skip":true},{"start":{"line":282,"column":20},"end":{"line":283,"column":39},"skip":true}]},"20":{"line":288,"type":"if","locations":[{"start":{"line":288,"column":8},"end":{"line":288,"column":8},"skip":true},{"start":{"line":288,"column":8},"end":{"line":288,"column":8},"skip":true}]},"21":{"line":288,"type":"binary-expr","locations":[{"start":{"line":288,"column":12},"end":{"line":288,"column":40},"skip":true},{"start":{"line":288,"column":44},"end":{"line":288,"column":67},"skip":true}]},"22":{"line":292,"type":"binary-expr","locations":[{"start":{"line":292,"column":12},"end":{"line":292,"column":50},"skip":true},{"start":{"line":293,"column":12},"end":{"line":293,"column":53},"skip":true}]},"23":{"line":295,"type":"binary-expr","locations":[{"start":{"line":295,"column":12},"end":{"line":295,"column":67},"skip":true},{"start":{"line":296,"column":12},"end":{"line":301,"column":36},"skip":true}]},"24":{"line":302,"type":"binary-expr","locations":[{"start":{"line":302,"column":43},"end":{"line":302,"column":75},"skip":true},{"start":{"line":302,"column":79},"end":{"line":302,"column":81},"skip":true}]},"25":{"line":305,"type":"if","locations":[{"start":{"line":305,"column":8},"end":{"line":305,"column":8},"skip":true},{"start":{"line":305,"column":8},"end":{"line":305,"column":8},"skip":true}]},"26":{"line":309,"type":"if","locations":[{"start":{"line":309,"column":8},"end":{"line":309,"column":8},"skip":true},{"start":{"line":309,"column":8},"end":{"line":309,"column":8},"skip":true}]},"27":{"line":312,"type":"binary-expr","locations":[{"start":{"line":312,"column":27},"end":{"line":312,"column":43},"skip":true},{"start":{"line":312,"column":47},"end":{"line":312,"column":53},"skip":true}]},"28":{"line":316,"type":"if","locations":[{"start":{"line":316,"column":12},"end":{"line":316,"column":12},"skip":true},{"start":{"line":316,"column":12},"end":{"line":316,"column":12},"skip":true}]}},"code":["/*","example.js","","quickstart example","","instruction","    1. save this script as example.js","    2. run the shell command:","        $ npm install npmtest-easyimage && PORT=8081 node example.js","    3. play with the browser-demo on http://127.0.0.1:8081","*/","","","","/* istanbul instrument in package npmtest_easyimage */","/*jslint","    bitwise: true,","    browser: true,","    maxerr: 8,","    maxlen: 96,","    node: true,","    nomen: true,","    regexp: true,","    stupid: true","*/","(function () {","    'use strict';","    var local;","","","","    // run shared js-env code - pre-init","    (function () {","        // init local","        local = {};","        // init modeJs","        local.modeJs = (function () {","            try {","                return typeof navigator.userAgent === 'string' &&","                    typeof document.querySelector('body') === 'object' &&","                    typeof XMLHttpRequest.prototype.open === 'function' &&","                    'browser';","            } catch (errorCaughtBrowser) {","                return module.exports &&","                    typeof process.versions.node === 'string' &&","                    typeof require('http').createServer === 'function' &&","                    'node';","            }","        }());","        // init global","        local.global = local.modeJs === 'browser'","            ? window","            : global;","        // init utility2_rollup","        local = local.global.utility2_rollup || (local.modeJs === 'browser'","            ? local.global.utility2_npmtest_easyimage","            : global.utility2_moduleExports);","        // export local","        local.global.local = local;","    }());","    switch (local.modeJs) {","","","","    // post-init","    // run browser js-env code - post-init","    /* istanbul ignore next */","    case 'browser':","        local.testRunBrowser = function (event) {","            if (!event || (event &&","                    event.currentTarget &&","                    event.currentTarget.className &&","                    event.currentTarget.className.includes &&","                    event.currentTarget.className.includes('onreset'))) {","                // reset output","                Array.from(","                    document.querySelectorAll('body > .resettable')","                ).forEach(function (element) {","                    switch (element.tagName) {","                    case 'INPUT':","                    case 'TEXTAREA':","                        element.value = '';","                        break;","                    default:","                        element.textContent = '';","                    }","                });","            }","            switch (event && event.currentTarget && event.currentTarget.id) {","            case 'testRunButton1':","                // show tests","                if (document.querySelector('#testReportDiv1').style.display === 'none') {","                    document.querySelector('#testReportDiv1').style.display = 'block';","                    document.querySelector('#testRunButton1').textContent =","                        'hide internal test';","                    local.modeTest = true;","                    local.testRunDefault(local);","                // hide tests","                } else {","                    document.querySelector('#testReportDiv1').style.display = 'none';","                    document.querySelector('#testRunButton1').textContent = 'run internal test';","                }","                break;","            // custom-case","            default:","                break;","            }","            if (document.querySelector('#inputTextareaEval1') && (!event || (event &&","                    event.currentTarget &&","                    event.currentTarget.className &&","                    event.currentTarget.className.includes &&","                    event.currentTarget.className.includes('oneval')))) {","                // try to eval input-code","                try {","                    /*jslint evil: true*/","                    eval(document.querySelector('#inputTextareaEval1').value);","                } catch (errorCaught) {","                    console.error(errorCaught);","                }","            }","        };","        // log stderr and stdout to #outputTextareaStdout1","        ['error', 'log'].forEach(function (key) {","            console[key + '_original'] = console[key];","            console[key] = function () {","                var element;","                console[key + '_original'].apply(console, arguments);","                element = document.querySelector('#outputTextareaStdout1');","                if (!element) {","                    return;","                }","                // append text to #outputTextareaStdout1","                element.value += Array.from(arguments).map(function (arg) {","                    return typeof arg === 'string'","                        ? arg","                        : JSON.stringify(arg, null, 4);","                }).join(' ') + '\\n';","                // scroll textarea to bottom","                element.scrollTop = element.scrollHeight;","            };","        });","        // init event-handling","        ['change', 'click', 'keyup'].forEach(function (event) {","            Array.from(document.querySelectorAll('.on' + event)).forEach(function (element) {","                element.addEventListener(event, local.testRunBrowser);","            });","        });","        // run tests","        local.testRunBrowser();","        break;","","","","    // run node js-env code - post-init","    /* istanbul ignore next */","    case 'node':","        // export local","        module.exports = local;","        // require modules","        local.fs = require('fs');","        local.http = require('http');","        local.url = require('url');","        // init assets","        local.assetsDict = local.assetsDict || {};","        /* jslint-ignore-begin */","        local.assetsDict['/assets.index.template.html'] = '\\","<!doctype html>\\n\\","<html lang=\"en\">\\n\\","<head>\\n\\","<meta charset=\"UTF-8\">\\n\\","<meta name=\"viewport\" content=\"width=device-width, initial-scale=1\">\\n\\","<title>{{env.npm_package_name}} (v{{env.npm_package_version}})</title>\\n\\","<style>\\n\\","/*csslint\\n\\","    box-sizing: false,\\n\\","    universal-selector: false\\n\\","*/\\n\\","* {\\n\\","    box-sizing: border-box;\\n\\","}\\n\\","body {\\n\\","    background: #dde;\\n\\","    font-family: Arial, Helvetica, sans-serif;\\n\\","    margin: 2rem;\\n\\","}\\n\\","body > * {\\n\\","    margin-bottom: 1rem;\\n\\","}\\n\\",".utility2FooterDiv {\\n\\","    margin-top: 20px;\\n\\","    text-align: center;\\n\\","}\\n\\","</style>\\n\\","<style>\\n\\","/*csslint\\n\\","*/\\n\\","textarea {\\n\\","    font-family: monospace;\\n\\","    height: 10rem;\\n\\","    width: 100%;\\n\\","}\\n\\","textarea[readonly] {\\n\\","    background: #ddd;\\n\\","}\\n\\","</style>\\n\\","</head>\\n\\","<body>\\n\\","<!-- utility2-comment\\n\\","<div id=\"ajaxProgressDiv1\" style=\"background: #d00; height: 2px; left: 0; margin: 0; padding: 0; position: fixed; top: 0; transition: background 0.5s, width 1.5s; width: 25%;\"></div>\\n\\","utility2-comment -->\\n\\","<h1>\\n\\","<!-- utility2-comment\\n\\","    <a\\n\\","        {{#if env.npm_package_homepage}}\\n\\","        href=\"{{env.npm_package_homepage}}\"\\n\\","        {{/if env.npm_package_homepage}}\\n\\","        target=\"_blank\"\\n\\","    >\\n\\","utility2-comment -->\\n\\","        {{env.npm_package_name}} (v{{env.npm_package_version}})\\n\\","<!-- utility2-comment\\n\\","    </a>\\n\\","utility2-comment -->\\n\\","</h1>\\n\\","<h3>{{env.npm_package_description}}</h3>\\n\\","<!-- utility2-comment\\n\\","<h4><a download href=\"assets.app.js\">download standalone app</a></h4>\\n\\","<button class=\"onclick onreset\" id=\"testRunButton1\">run internal test</button><br>\\n\\","<div id=\"testReportDiv1\" style=\"display: none;\"></div>\\n\\","utility2-comment -->\\n\\","\\n\\","\\n\\","\\n\\","<label>stderr and stdout</label>\\n\\","<textarea class=\"resettable\" id=\"outputTextareaStdout1\" readonly></textarea>\\n\\","<!-- utility2-comment\\n\\","{{#if isRollup}}\\n\\","<script src=\"assets.app.js\"></script>\\n\\","{{#unless isRollup}}\\n\\","utility2-comment -->\\n\\","<script src=\"assets.utility2.rollup.js\"></script>\\n\\","<script src=\"jsonp.utility2._stateInit?callback=window.utility2._stateInit\"></script>\\n\\","<script src=\"assets.npmtest_easyimage.rollup.js\"></script>\\n\\","<script src=\"assets.example.js\"></script>\\n\\","<script src=\"assets.test.js\"></script>\\n\\","<!-- utility2-comment\\n\\","{{/if isRollup}}\\n\\","utility2-comment -->\\n\\","<div class=\"utility2FooterDiv\">\\n\\","    [ this app was created with\\n\\","    <a href=\"https://github.com/kaizhu256/node-utility2\" target=\"_blank\">utility2</a>\\n\\","    ]\\n\\","</div>\\n\\","</body>\\n\\","</html>\\n\\","';","        /* jslint-ignore-end */","        if (local.templateRender) {","            local.assetsDict['/'] = local.templateRender(","                local.assetsDict['/assets.index.template.html'],","                {","                    env: local.objectSetDefault(local.env, {","                        npm_package_description: 'the greatest app in the world!',","                        npm_package_name: 'my-app',","                        npm_package_nameAlias: 'my_app',","                        npm_package_version: '0.0.1'","                    })","                }","            );","        } else {","            local.assetsDict['/'] = local.assetsDict['/assets.index.template.html']","                .replace((/\\{\\{env\\.(\\w+?)\\}\\}/g), function (match0, match1) {","                    // jslint-hack","                    String(match0);","                    switch (match1) {","                    case 'npm_package_description':","                        return 'the greatest app in the world!';","                    case 'npm_package_name':","                        return 'my-app';","                    case 'npm_package_nameAlias':","                        return 'my_app';","                    case 'npm_package_version':","                        return '0.0.1';","                    }","                });","        }","        // run the cli","        if (local.global.utility2_rollup || module !== require.main) {","            break;","        }","        local.assetsDict['/assets.example.js'] =","            local.assetsDict['/assets.example.js'] ||","            local.fs.readFileSync(__filename, 'utf8');","        local.assetsDict['/assets.npmtest_easyimage.rollup.js'] =","            local.assetsDict['/assets.npmtest_easyimage.rollup.js'] ||","            local.fs.readFileSync(","                // buildCustomOrg-hack","                local.npmtest_easyimage.__dirname +","                    '/lib.npmtest_easyimage.js',","                'utf8'","            ).replace((/^#!/), '//');","        local.assetsDict['/favicon.ico'] = local.assetsDict['/favicon.ico'] || '';","        // if $npm_config_timeout_exit exists,","        // then exit this process after $npm_config_timeout_exit ms","        if (Number(process.env.npm_config_timeout_exit)) {","            setTimeout(process.exit, Number(process.env.npm_config_timeout_exit));","        }","        // start server","        if (local.global.utility2_serverHttp1) {","            break;","        }","        process.env.PORT = process.env.PORT || '8081';","        console.error('server starting on port ' + process.env.PORT);","        local.http.createServer(function (request, response) {","            request.urlParsed = local.url.parse(request.url);","            if (local.assetsDict[request.urlParsed.pathname] !== undefined) {","                response.end(local.assetsDict[request.urlParsed.pathname]);","                return;","            }","            response.statusCode = 404;","            response.end();","        }).listen(process.env.PORT);","        break;","    }","}());",""],"l":{"26":2,"28":2,"33":2,"35":2,"37":2,"38":2,"39":2,"44":1,"51":2,"55":2,"59":2,"61":2,"69":1,"70":2,"76":2,"79":2,"82":2,"83":2,"85":1,"89":2,"92":1,"93":1,"94":1,"96":1,"97":1,"100":1,"101":1,"103":1,"106":1,"108":2,"114":1,"116":1,"118":1,"123":1,"124":2,"125":2,"126":2,"127":2,"128":2,"129":2,"130":1,"133":2,"134":2,"139":2,"143":1,"144":3,"145":1,"149":1,"150":1,"158":1,"160":1,"161":1,"162":1,"164":1,"166":1,"258":1,"259":1,"271":1,"274":6,"275":6,"277":1,"279":2,"281":1,"283":2,"288":1,"289":1,"291":1,"294":1,"302":1,"305":1,"306":1,"309":1,"310":1,"312":1,"313":1,"314":1,"315":1,"316":1,"317":1,"318":1,"320":1,"321":1,"323":1}},"/home/travis/build/npmtest/node-npmtest-easyimage/node_modules/easyimage/easyimage.js":{"path":"/home/travis/build/npmtest/node-npmtest-easyimage/node_modules/easyimage/easyimage.js","s":{"1":1,"2":1,"3":1,"4":1,"5":1,"6":1,"7":1,"8":1,"9":1,"10":1,"11":0,"12":0,"13":1,"14":1,"15":0,"16":0,"17":0,"18":0,"19":0,"20":0,"21":0,"22":0,"23":0,"24":0,"25":0,"26":0,"27":0,"28":0,"29":0,"30":0,"31":0,"32":0,"33":0,"34":0,"35":0,"36":0,"37":0,"38":0,"39":0,"40":0,"41":0,"42":0,"43":1,"44":0,"45":0,"46":0,"47":0,"48":0,"49":1,"50":0,"51":1,"52":0,"53":0,"54":0,"55":0,"56":0,"57":0,"58":0,"59":0,"60":1,"61":0,"62":1,"63":0,"64":0,"65":0,"66":0,"67":0,"68":0,"69":0,"70":0,"71":0,"72":0,"73":0,"74":0,"75":0,"76":0,"77":0,"78":0,"79":0,"80":0,"81":0,"82":0,"83":0,"84":0,"85":1,"86":0,"87":1,"88":0,"89":0,"90":0,"91":0,"92":0,"93":0,"94":0,"95":0,"96":0,"97":0,"98":0,"99":0,"100":0,"101":0,"102":0,"103":0,"104":0,"105":0,"106":0,"107":0,"108":0,"109":0,"110":0,"111":0,"112":1,"113":0,"114":1,"115":0,"116":0,"117":0,"118":0,"119":0,"120":0,"121":0,"122":0,"123":0,"124":0,"125":0,"126":0,"127":0,"128":0,"129":0,"130":0,"131":0,"132":0,"133":0,"134":0,"135":0,"136":0,"137":0,"138":0,"139":0,"140":0,"141":0,"142":0,"143":0,"144":0,"145":0,"146":0,"147":0,"148":1,"149":0,"150":1,"151":0,"152":0,"153":0,"154":0,"155":0,"156":0,"157":0,"158":0,"159":0,"160":0,"161":0,"162":0,"163":0,"164":0,"165":0,"166":0,"167":0,"168":0,"169":0,"170":0,"171":0,"172":0,"173":0,"174":0,"175":0,"176":0,"177":0,"178":0,"179":0,"180":0,"181":0,"182":0,"183":0,"184":0,"185":0,"186":0,"187":1,"188":0,"189":1,"190":0,"191":0,"192":0,"193":0,"194":0,"195":0,"196":0,"197":0,"198":0,"199":0,"200":0,"201":0,"202":0,"203":0,"204":0,"205":0,"206":0,"207":0,"208":0,"209":0,"210":0,"211":0,"212":0,"213":0,"214":0,"215":0,"216":0,"217":0,"218":0,"219":0,"220":0,"221":0,"222":0,"223":0,"224":0,"225":0,"226":0,"227":0,"228":0,"229":0,"230":0,"231":1,"232":0,"233":1,"234":0,"235":0,"236":0,"237":0,"238":0,"239":0,"240":0,"241":0,"242":0,"243":0,"244":0,"245":0,"246":0,"247":0,"248":0,"249":0,"250":0,"251":0,"252":0,"253":0,"254":0,"255":0,"256":0,"257":0,"258":0,"259":0,"260":0,"261":0,"262":0,"263":0,"264":0,"265":0,"266":0,"267":0,"268":0,"269":0,"270":0,"271":0,"272":0,"273":0,"274":0,"275":0,"276":0,"277":0,"278":0,"279":0,"280":0,"281":0,"282":0,"283":0,"284":0,"285":1,"286":0,"287":0,"288":0,"289":0,"290":0,"291":0,"292":0},"b":{"1":[0,1],"2":[0,0],"3":[0,0],"4":[0,0],"5":[0,0],"6":[0,0],"7":[0,0],"8":[0,0],"9":[0,0],"10":[0,0],"11":[0,0],"12":[0,0],"13":[0,0],"14":[0,0],"15":[0,0],"16":[0,0],"17":[0,0],"18":[0,0],"19":[0,0,0],"20":[0,0],"21":[0,0],"22":[0,0],"23":[0,0],"24":[0,0],"25":[0,0],"26":[0,0],"27":[0,0],"28":[0,0],"29":[0,0],"30":[0,0],"31":[0,0],"32":[0,0],"33":[0,0],"34":[0,0],"35":[0,0],"36":[0,0],"37":[0,0],"38":[0,0],"39":[0,0],"40":[0,0],"41":[0,0],"42":[0,0],"43":[0,0],"44":[0,0],"45":[0,0],"46":[0,0],"47":[0,0],"48":[0,0],"49":[0,0],"50":[0,0],"51":[0,0],"52":[0,0],"53":[0,0],"54":[0,0],"55":[0,0],"56":[0,0],"57":[0,0],"58":[0,0],"59":[0,0],"60":[0,0],"61":[0,0],"62":[0,0],"63":[0,0],"64":[0,0],"65":[0,0],"66":[0,0],"67":[0,0],"68":[0,0],"69":[0,0],"70":[0,0],"71":[0,0],"72":[0,0],"73":[0,0],"74":[0,0],"75":[0,0],"76":[0,0],"77":[0,0],"78":[0,0],"79":[0,0],"80":[0,0]},"f":{"1":1,"2":0,"3":0,"4":0,"5":0,"6":0,"7":0,"8":0,"9":0,"10":0,"11":0,"12":0,"13":0,"14":0,"15":0,"16":0,"17":0,"18":0,"19":0,"20":0,"21":0,"22":0,"23":0,"24":0,"25":0,"26":0,"27":0,"28":0,"29":0,"30":0,"31":0,"32":0},"fnMap":{"1":{"name":"(anonymous_1)","line":11,"loc":{"start":{"line":11,"column":28},"end":{"line":11,"column":58}}},"2":{"name":"info","line":29,"loc":{"start":{"line":29,"column":0},"end":{"line":29,"column":20}}},"3":{"name":"(anonymous_3)","line":32,"loc":{"start":{"line":32,"column":17},"end":{"line":32,"column":38}}},"4":{"name":"(anonymous_4)","line":54,"loc":{"start":{"line":54,"column":32},"end":{"line":54,"column":62}}},"5":{"name":"quoted_name","line":93,"loc":{"start":{"line":93,"column":0},"end":{"line":93,"column":27}}},"6":{"name":"(anonymous_6)","line":101,"loc":{"start":{"line":101,"column":15},"end":{"line":101,"column":30}}},"7":{"name":"directoryCheck","line":107,"loc":{"start":{"line":107,"column":0},"end":{"line":107,"column":42}}},"8":{"name":"(anonymous_8)","line":110,"loc":{"start":{"line":110,"column":22},"end":{"line":110,"column":40}}},"9":{"name":"(anonymous_9)","line":115,"loc":{"start":{"line":115,"column":21},"end":{"line":115,"column":38}}},"10":{"name":"(anonymous_10)","line":129,"loc":{"start":{"line":129,"column":18},"end":{"line":129,"column":36}}},"11":{"name":"imgConvert","line":133,"loc":{"start":{"line":133,"column":1},"end":{"line":133,"column":23}}},"12":{"name":"(anonymous_12)","line":160,"loc":{"start":{"line":160,"column":32},"end":{"line":160,"column":62}}},"13":{"name":"(anonymous_13)","line":175,"loc":{"start":{"line":175,"column":17},"end":{"line":175,"column":35}}},"14":{"name":"imgRotate","line":179,"loc":{"start":{"line":179,"column":1},"end":{"line":179,"column":22}}},"15":{"name":"(anonymous_15)","line":208,"loc":{"start":{"line":208,"column":32},"end":{"line":208,"column":62}}},"16":{"name":"(anonymous_16)","line":221,"loc":{"start":{"line":221,"column":17},"end":{"line":221,"column":35}}},"17":{"name":"imgResize","line":225,"loc":{"start":{"line":225,"column":1},"end":{"line":225,"column":22}}},"18":{"name":"(anonymous_18)","line":265,"loc":{"start":{"line":265,"column":32},"end":{"line":265,"column":62}}},"19":{"name":"(anonymous_19)","line":277,"loc":{"start":{"line":277,"column":15},"end":{"line":277,"column":33}}},"20":{"name":"imgCrop","line":281,"loc":{"start":{"line":281,"column":1},"end":{"line":281,"column":20}}},"21":{"name":"(anonymous_21)","line":322,"loc":{"start":{"line":322,"column":32},"end":{"line":322,"column":62}}},"22":{"name":"(anonymous_22)","line":333,"loc":{"start":{"line":333,"column":18},"end":{"line":333,"column":36}}},"23":{"name":"imgResCrop","line":337,"loc":{"start":{"line":337,"column":1},"end":{"line":337,"column":23}}},"24":{"name":"(anonymous_24)","line":386,"loc":{"start":{"line":386,"column":32},"end":{"line":386,"column":62}}},"25":{"name":"(anonymous_25)","line":398,"loc":{"start":{"line":398,"column":20},"end":{"line":398,"column":38}}},"26":{"name":"imgThumbnail","line":402,"loc":{"start":{"line":402,"column":1},"end":{"line":402,"column":25}}},"27":{"name":"(anonymous_27)","line":412,"loc":{"start":{"line":412,"column":25},"end":{"line":412,"column":44}}},"28":{"name":"(anonymous_28)","line":461,"loc":{"start":{"line":461,"column":33},"end":{"line":461,"column":63}}},"29":{"name":"(anonymous_29)","line":466,"loc":{"start":{"line":466,"column":5},"end":{"line":466,"column":20}}},"30":{"name":"(anonymous_30)","line":475,"loc":{"start":{"line":475,"column":15},"end":{"line":475,"column":29}}},"31":{"name":"(anonymous_31)","line":479,"loc":{"start":{"line":479,"column":18},"end":{"line":479,"column":30}}},"32":{"name":"(anonymous_32)","line":481,"loc":{"start":{"line":481,"column":23},"end":{"line":481,"column":53}}}},"statementMap":{"1":{"start":{"line":1,"column":0},"end":{"line":1,"column":21}},"2":{"start":{"line":2,"column":0},"end":{"line":2,"column":45}},"3":{"start":{"line":3,"column":0},"end":{"line":3,"column":44}},"4":{"start":{"line":4,"column":0},"end":{"line":4,"column":31}},"5":{"start":{"line":5,"column":0},"end":{"line":5,"column":10}},"6":{"start":{"line":6,"column":0},"end":{"line":6,"column":27}},"7":{"start":{"line":7,"column":0},"end":{"line":7,"column":23}},"8":{"start":{"line":8,"column":0},"end":{"line":8,"column":31}},"9":{"start":{"line":11,"column":0},"end":{"line":19,"column":2}},"10":{"start":{"line":14,"column":1},"end":{"line":17,"column":2}},"11":{"start":{"line":15,"column":2},"end":{"line":15,"column":43}},"12":{"start":{"line":16,"column":2},"end":{"line":16,"column":130}},"13":{"start":{"line":21,"column":0},"end":{"line":26,"column":2}},"14":{"start":{"line":29,"column":0},"end":{"line":90,"column":1}},"15":{"start":{"line":31,"column":1},"end":{"line":31,"column":26}},"16":{"start":{"line":32,"column":1},"end":{"line":46,"column":3}},"17":{"start":{"line":34,"column":2},"end":{"line":40,"column":4}},"18":{"start":{"line":42,"column":2},"end":{"line":42,"column":37}},"19":{"start":{"line":43,"column":2},"end":{"line":43,"column":38}},"20":{"start":{"line":45,"column":2},"end":{"line":45,"column":55}},"21":{"start":{"line":50,"column":1},"end":{"line":50,"column":23}},"22":{"start":{"line":51,"column":1},"end":{"line":51,"column":37}},"23":{"start":{"line":52,"column":1},"end":{"line":52,"column":16}},"24":{"start":{"line":54,"column":1},"end":{"line":87,"column":4}},"25":{"start":{"line":55,"column":2},"end":{"line":55,"column":16}},"26":{"start":{"line":58,"column":2},"end":{"line":86,"column":3}},"27":{"start":{"line":59,"column":6},"end":{"line":59,"column":130}},"28":{"start":{"line":62,"column":3},"end":{"line":83,"column":4}},"29":{"start":{"line":63,"column":4},"end":{"line":63,"column":72}},"30":{"start":{"line":66,"column":4},"end":{"line":66,"column":41}},"31":{"start":{"line":67,"column":4},"end":{"line":67,"column":37}},"32":{"start":{"line":68,"column":4},"end":{"line":68,"column":37}},"33":{"start":{"line":69,"column":4},"end":{"line":69,"column":37}},"34":{"start":{"line":70,"column":4},"end":{"line":70,"column":38}},"35":{"start":{"line":71,"column":4},"end":{"line":74,"column":6}},"36":{"start":{"line":75,"column":4},"end":{"line":75,"column":80}},"37":{"start":{"line":76,"column":4},"end":{"line":76,"column":21}},"38":{"start":{"line":78,"column":4},"end":{"line":80,"column":5}},"39":{"start":{"line":79,"column":5},"end":{"line":79,"column":40}},"40":{"start":{"line":82,"column":4},"end":{"line":82,"column":27}},"41":{"start":{"line":85,"column":3},"end":{"line":85,"column":71}},"42":{"start":{"line":89,"column":1},"end":{"line":89,"column":25}},"43":{"start":{"line":93,"column":0},"end":{"line":97,"column":1}},"44":{"start":{"line":94,"column":1},"end":{"line":94,"column":39}},"45":{"start":{"line":94,"column":21},"end":{"line":94,"column":39}},"46":{"start":{"line":95,"column":1},"end":{"line":95,"column":53}},"47":{"start":{"line":95,"column":35},"end":{"line":95,"column":53}},"48":{"start":{"line":96,"column":1},"end":{"line":96,"column":13}},"49":{"start":{"line":101,"column":0},"end":{"line":103,"column":2}},"50":{"start":{"line":102,"column":1},"end":{"line":102,"column":19}},"51":{"start":{"line":107,"column":0},"end":{"line":125,"column":1}},"52":{"start":{"line":109,"column":1},"end":{"line":109,"column":42}},"53":{"start":{"line":110,"column":1},"end":{"line":124,"column":3}},"54":{"start":{"line":111,"column":2},"end":{"line":123,"column":3}},"55":{"start":{"line":112,"column":3},"end":{"line":112,"column":12}},"56":{"start":{"line":115,"column":3},"end":{"line":122,"column":5}},"57":{"start":{"line":116,"column":4},"end":{"line":121,"column":5}},"58":{"start":{"line":117,"column":5},"end":{"line":117,"column":27}},"59":{"start":{"line":120,"column":5},"end":{"line":120,"column":14}},"60":{"start":{"line":129,"column":0},"end":{"line":171,"column":2}},"61":{"start":{"line":131,"column":1},"end":{"line":131,"column":26}},"62":{"start":{"line":133,"column":1},"end":{"line":166,"column":2}},"63":{"start":{"line":135,"column":2},"end":{"line":135,"column":109}},"64":{"start":{"line":135,"column":62},"end":{"line":135,"column":109}},"65":{"start":{"line":137,"column":2},"end":{"line":137,"column":26}},"66":{"start":{"line":138,"column":2},"end":{"line":141,"column":3}},"67":{"start":{"line":139,"column":3},"end":{"line":139,"column":24}},"68":{"start":{"line":140,"column":3},"end":{"line":140,"column":29}},"69":{"start":{"line":143,"column":2},"end":{"line":156,"column":3}},"70":{"start":{"line":144,"column":3},"end":{"line":144,"column":24}},"71":{"start":{"line":145,"column":3},"end":{"line":148,"column":4}},"72":{"start":{"line":146,"column":4},"end":{"line":146,"column":28}},"73":{"start":{"line":147,"column":4},"end":{"line":147,"column":33}},"74":{"start":{"line":151,"column":3},"end":{"line":155,"column":4}},"75":{"start":{"line":152,"column":4},"end":{"line":152,"column":28}},"76":{"start":{"line":153,"column":4},"end":{"line":153,"column":33}},"77":{"start":{"line":154,"column":4},"end":{"line":154,"column":25}},"78":{"start":{"line":158,"column":2},"end":{"line":158,"column":24}},"79":{"start":{"line":160,"column":2},"end":{"line":164,"column":5}},"80":{"start":{"line":162,"column":3},"end":{"line":163,"column":44}},"81":{"start":{"line":162,"column":12},"end":{"line":162,"column":33}},"82":{"start":{"line":163,"column":8},"end":{"line":163,"column":44}},"83":{"start":{"line":168,"column":1},"end":{"line":168,"column":36}},"84":{"start":{"line":170,"column":1},"end":{"line":170,"column":25}},"85":{"start":{"line":175,"column":0},"end":{"line":218,"column":2}},"86":{"start":{"line":177,"column":1},"end":{"line":177,"column":26}},"87":{"start":{"line":179,"column":1},"end":{"line":213,"column":2}},"88":{"start":{"line":181,"column":2},"end":{"line":181,"column":141}},"89":{"start":{"line":181,"column":94},"end":{"line":181,"column":141}},"90":{"start":{"line":183,"column":2},"end":{"line":183,"column":26}},"91":{"start":{"line":185,"column":2},"end":{"line":198,"column":3}},"92":{"start":{"line":186,"column":3},"end":{"line":186,"column":24}},"93":{"start":{"line":187,"column":3},"end":{"line":190,"column":4}},"94":{"start":{"line":188,"column":4},"end":{"line":188,"column":28}},"95":{"start":{"line":189,"column":4},"end":{"line":189,"column":33}},"96":{"start":{"line":193,"column":3},"end":{"line":197,"column":4}},"97":{"start":{"line":194,"column":4},"end":{"line":194,"column":28}},"98":{"start":{"line":195,"column":4},"end":{"line":195,"column":33}},"99":{"start":{"line":196,"column":4},"end":{"line":196,"column":25}},"100":{"start":{"line":200,"column":2},"end":{"line":200,"column":22}},"101":{"start":{"line":201,"column":2},"end":{"line":201,"column":27}},"102":{"start":{"line":202,"column":3},"end":{"line":205,"column":3}},"103":{"start":{"line":203,"column":3},"end":{"line":203,"column":27}},"104":{"start":{"line":204,"column":3},"end":{"line":204,"column":32}},"105":{"start":{"line":206,"column":2},"end":{"line":206,"column":24}},"106":{"start":{"line":208,"column":2},"end":{"line":211,"column":5}},"107":{"start":{"line":209,"column":3},"end":{"line":210,"column":44}},"108":{"start":{"line":209,"column":12},"end":{"line":209,"column":33}},"109":{"start":{"line":210,"column":8},"end":{"line":210,"column":44}},"110":{"start":{"line":215,"column":1},"end":{"line":215,"column":35}},"111":{"start":{"line":217,"column":1},"end":{"line":217,"column":25}},"112":{"start":{"line":221,"column":0},"end":{"line":274,"column":2}},"113":{"start":{"line":223,"column":1},"end":{"line":223,"column":26}},"114":{"start":{"line":225,"column":1},"end":{"line":270,"column":2}},"115":{"start":{"line":227,"column":2},"end":{"line":227,"column":109}},"116":{"start":{"line":227,"column":62},"end":{"line":227,"column":109}},"117":{"start":{"line":228,"column":2},"end":{"line":228,"column":81}},"118":{"start":{"line":228,"column":35},"end":{"line":228,"column":81}},"119":{"start":{"line":230,"column":2},"end":{"line":230,"column":51}},"120":{"start":{"line":232,"column":4},"end":{"line":232,"column":28}},"121":{"start":{"line":234,"column":2},"end":{"line":247,"column":3}},"122":{"start":{"line":235,"column":3},"end":{"line":235,"column":24}},"123":{"start":{"line":236,"column":3},"end":{"line":239,"column":4}},"124":{"start":{"line":237,"column":4},"end":{"line":237,"column":28}},"125":{"start":{"line":238,"column":4},"end":{"line":238,"column":33}},"126":{"start":{"line":242,"column":3},"end":{"line":246,"column":4}},"127":{"start":{"line":243,"column":4},"end":{"line":243,"column":28}},"128":{"start":{"line":244,"column":4},"end":{"line":244,"column":33}},"129":{"start":{"line":245,"column":4},"end":{"line":245,"column":25}},"130":{"start":{"line":249,"column":4},"end":{"line":249,"column":29}},"131":{"start":{"line":250,"column":4},"end":{"line":250,"column":24}},"132":{"start":{"line":251,"column":4},"end":{"line":251,"column":51}},"133":{"start":{"line":252,"column":4},"end":{"line":254,"column":5}},"134":{"start":{"line":253,"column":6},"end":{"line":253,"column":33}},"135":{"start":{"line":255,"column":4},"end":{"line":258,"column":5}},"136":{"start":{"line":256,"column":5},"end":{"line":256,"column":26}},"137":{"start":{"line":257,"column":5},"end":{"line":257,"column":31}},"138":{"start":{"line":259,"column":3},"end":{"line":262,"column":3}},"139":{"start":{"line":260,"column":3},"end":{"line":260,"column":27}},"140":{"start":{"line":261,"column":3},"end":{"line":261,"column":32}},"141":{"start":{"line":263,"column":4},"end":{"line":263,"column":26}},"142":{"start":{"line":265,"column":2},"end":{"line":268,"column":5}},"143":{"start":{"line":266,"column":3},"end":{"line":266,"column":33}},"144":{"start":{"line":266,"column":12},"end":{"line":266,"column":33}},"145":{"start":{"line":267,"column":3},"end":{"line":267,"column":39}},"146":{"start":{"line":272,"column":1},"end":{"line":272,"column":35}},"147":{"start":{"line":273,"column":1},"end":{"line":273,"column":25}},"148":{"start":{"line":277,"column":0},"end":{"line":330,"column":2}},"149":{"start":{"line":279,"column":1},"end":{"line":279,"column":26}},"150":{"start":{"line":281,"column":1},"end":{"line":326,"column":2}},"151":{"start":{"line":282,"column":2},"end":{"line":282,"column":109}},"152":{"start":{"line":282,"column":62},"end":{"line":282,"column":109}},"153":{"start":{"line":283,"column":2},"end":{"line":283,"column":85}},"154":{"start":{"line":283,"column":39},"end":{"line":283,"column":85}},"155":{"start":{"line":285,"column":2},"end":{"line":285,"column":63}},"156":{"start":{"line":286,"column":2},"end":{"line":286,"column":48}},"157":{"start":{"line":287,"column":2},"end":{"line":287,"column":29}},"158":{"start":{"line":288,"column":2},"end":{"line":288,"column":29}},"159":{"start":{"line":290,"column":4},"end":{"line":290,"column":28}},"160":{"start":{"line":292,"column":2},"end":{"line":305,"column":3}},"161":{"start":{"line":293,"column":3},"end":{"line":293,"column":24}},"162":{"start":{"line":294,"column":3},"end":{"line":297,"column":4}},"163":{"start":{"line":295,"column":4},"end":{"line":295,"column":28}},"164":{"start":{"line":296,"column":4},"end":{"line":296,"column":33}},"165":{"start":{"line":300,"column":3},"end":{"line":304,"column":4}},"166":{"start":{"line":301,"column":4},"end":{"line":301,"column":28}},"167":{"start":{"line":302,"column":4},"end":{"line":302,"column":33}},"168":{"start":{"line":303,"column":4},"end":{"line":303,"column":25}},"169":{"start":{"line":307,"column":4},"end":{"line":307,"column":29}},"170":{"start":{"line":308,"column":4},"end":{"line":308,"column":25}},"171":{"start":{"line":309,"column":4},"end":{"line":309,"column":30}},"172":{"start":{"line":310,"column":4},"end":{"line":310,"column":22}},"173":{"start":{"line":311,"column":4},"end":{"line":311,"column":94}},"174":{"start":{"line":312,"column":4},"end":{"line":315,"column":5}},"175":{"start":{"line":313,"column":5},"end":{"line":313,"column":26}},"176":{"start":{"line":314,"column":5},"end":{"line":314,"column":31}},"177":{"start":{"line":316,"column":3},"end":{"line":319,"column":3}},"178":{"start":{"line":317,"column":3},"end":{"line":317,"column":27}},"179":{"start":{"line":318,"column":3},"end":{"line":318,"column":32}},"180":{"start":{"line":320,"column":4},"end":{"line":320,"column":26}},"181":{"start":{"line":322,"column":2},"end":{"line":325,"column":5}},"182":{"start":{"line":323,"column":3},"end":{"line":323,"column":33}},"183":{"start":{"line":323,"column":12},"end":{"line":323,"column":33}},"184":{"start":{"line":324,"column":3},"end":{"line":324,"column":39}},"185":{"start":{"line":328,"column":1},"end":{"line":328,"column":33}},"186":{"start":{"line":329,"column":1},"end":{"line":329,"column":25}},"187":{"start":{"line":333,"column":0},"end":{"line":395,"column":2}},"188":{"start":{"line":335,"column":1},"end":{"line":335,"column":26}},"189":{"start":{"line":337,"column":1},"end":{"line":391,"column":2}},"190":{"start":{"line":339,"column":2},"end":{"line":339,"column":109}},"191":{"start":{"line":339,"column":62},"end":{"line":339,"column":109}},"192":{"start":{"line":340,"column":2},"end":{"line":340,"column":81}},"193":{"start":{"line":340,"column":35},"end":{"line":340,"column":81}},"194":{"start":{"line":342,"column":2},"end":{"line":342,"column":51}},"195":{"start":{"line":344,"column":2},"end":{"line":344,"column":57}},"196":{"start":{"line":345,"column":2},"end":{"line":345,"column":60}},"197":{"start":{"line":347,"column":2},"end":{"line":347,"column":48}},"198":{"start":{"line":348,"column":2},"end":{"line":348,"column":29}},"199":{"start":{"line":349,"column":2},"end":{"line":349,"column":29}},"200":{"start":{"line":350,"column":2},"end":{"line":350,"column":41}},"201":{"start":{"line":352,"column":4},"end":{"line":352,"column":28}},"202":{"start":{"line":354,"column":2},"end":{"line":367,"column":3}},"203":{"start":{"line":355,"column":3},"end":{"line":355,"column":24}},"204":{"start":{"line":356,"column":3},"end":{"line":359,"column":4}},"205":{"start":{"line":357,"column":4},"end":{"line":357,"column":28}},"206":{"start":{"line":358,"column":4},"end":{"line":358,"column":33}},"207":{"start":{"line":362,"column":3},"end":{"line":366,"column":4}},"208":{"start":{"line":363,"column":4},"end":{"line":363,"column":28}},"209":{"start":{"line":364,"column":4},"end":{"line":364,"column":33}},"210":{"start":{"line":365,"column":4},"end":{"line":365,"column":25}},"211":{"start":{"line":369,"column":4},"end":{"line":369,"column":29}},"212":{"start":{"line":370,"column":4},"end":{"line":370,"column":25}},"213":{"start":{"line":371,"column":4},"end":{"line":371,"column":30}},"214":{"start":{"line":372,"column":4},"end":{"line":372,"column":24}},"215":{"start":{"line":373,"column":4},"end":{"line":373,"column":66}},"216":{"start":{"line":374,"column":4},"end":{"line":374,"column":22}},"217":{"start":{"line":375,"column":4},"end":{"line":375,"column":94}},"218":{"start":{"line":376,"column":4},"end":{"line":379,"column":5}},"219":{"start":{"line":377,"column":5},"end":{"line":377,"column":26}},"220":{"start":{"line":378,"column":5},"end":{"line":378,"column":31}},"221":{"start":{"line":380,"column":3},"end":{"line":383,"column":3}},"222":{"start":{"line":381,"column":3},"end":{"line":381,"column":27}},"223":{"start":{"line":382,"column":3},"end":{"line":382,"column":32}},"224":{"start":{"line":384,"column":4},"end":{"line":384,"column":26}},"225":{"start":{"line":386,"column":2},"end":{"line":389,"column":5}},"226":{"start":{"line":387,"column":3},"end":{"line":387,"column":33}},"227":{"start":{"line":387,"column":12},"end":{"line":387,"column":33}},"228":{"start":{"line":388,"column":3},"end":{"line":388,"column":39}},"229":{"start":{"line":393,"column":1},"end":{"line":393,"column":36}},"230":{"start":{"line":394,"column":1},"end":{"line":394,"column":25}},"231":{"start":{"line":398,"column":0},"end":{"line":472,"column":2}},"232":{"start":{"line":400,"column":1},"end":{"line":400,"column":26}},"233":{"start":{"line":402,"column":1},"end":{"line":468,"column":2}},"234":{"start":{"line":404,"column":2},"end":{"line":404,"column":109}},"235":{"start":{"line":404,"column":62},"end":{"line":404,"column":109}},"236":{"start":{"line":405,"column":2},"end":{"line":405,"column":81}},"237":{"start":{"line":405,"column":35},"end":{"line":405,"column":81}},"238":{"start":{"line":407,"column":2},"end":{"line":407,"column":51}},"239":{"start":{"line":408,"column":2},"end":{"line":408,"column":48}},"240":{"start":{"line":409,"column":2},"end":{"line":409,"column":29}},"241":{"start":{"line":410,"column":2},"end":{"line":410,"column":29}},"242":{"start":{"line":412,"column":2},"end":{"line":466,"column":47}},"243":{"start":{"line":415,"column":3},"end":{"line":415,"column":36}},"244":{"start":{"line":416,"column":3},"end":{"line":416,"column":38}},"245":{"start":{"line":418,"column":3},"end":{"line":418,"column":35}},"246":{"start":{"line":419,"column":3},"end":{"line":419,"column":37}},"247":{"start":{"line":421,"column":3},"end":{"line":422,"column":68}},"248":{"start":{"line":421,"column":43},"end":{"line":421,"column":60}},"249":{"start":{"line":422,"column":8},"end":{"line":422,"column":68}},"250":{"start":{"line":422,"column":48},"end":{"line":422,"column":66}},"251":{"start":{"line":424,"column":5},"end":{"line":424,"column":29}},"252":{"start":{"line":426,"column":3},"end":{"line":439,"column":4}},"253":{"start":{"line":427,"column":4},"end":{"line":427,"column":25}},"254":{"start":{"line":428,"column":4},"end":{"line":431,"column":5}},"255":{"start":{"line":429,"column":5},"end":{"line":429,"column":29}},"256":{"start":{"line":430,"column":5},"end":{"line":430,"column":34}},"257":{"start":{"line":434,"column":4},"end":{"line":438,"column":5}},"258":{"start":{"line":435,"column":5},"end":{"line":435,"column":29}},"259":{"start":{"line":436,"column":5},"end":{"line":436,"column":34}},"260":{"start":{"line":437,"column":5},"end":{"line":437,"column":26}},"261":{"start":{"line":441,"column":5},"end":{"line":441,"column":30}},"262":{"start":{"line":442,"column":5},"end":{"line":442,"column":26}},"263":{"start":{"line":443,"column":5},"end":{"line":443,"column":31}},"264":{"start":{"line":444,"column":5},"end":{"line":444,"column":30}},"265":{"start":{"line":445,"column":5},"end":{"line":445,"column":25}},"266":{"start":{"line":446,"column":5},"end":{"line":446,"column":24}},"267":{"start":{"line":447,"column":5},"end":{"line":447,"column":28}},"268":{"start":{"line":448,"column":5},"end":{"line":448,"column":48}},"269":{"start":{"line":449,"column":5},"end":{"line":449,"column":23}},"270":{"start":{"line":450,"column":5},"end":{"line":450,"column":87}},"271":{"start":{"line":451,"column":5},"end":{"line":454,"column":6}},"272":{"start":{"line":452,"column":6},"end":{"line":452,"column":27}},"273":{"start":{"line":453,"column":6},"end":{"line":453,"column":32}},"274":{"start":{"line":455,"column":3},"end":{"line":458,"column":4}},"275":{"start":{"line":456,"column":4},"end":{"line":456,"column":28}},"276":{"start":{"line":457,"column":4},"end":{"line":457,"column":33}},"277":{"start":{"line":459,"column":5},"end":{"line":459,"column":27}},"278":{"start":{"line":461,"column":3},"end":{"line":464,"column":6}},"279":{"start":{"line":462,"column":4},"end":{"line":462,"column":41}},"280":{"start":{"line":462,"column":13},"end":{"line":462,"column":41}},"281":{"start":{"line":463,"column":4},"end":{"line":463,"column":40}},"282":{"start":{"line":466,"column":22},"end":{"line":466,"column":43}},"283":{"start":{"line":470,"column":1},"end":{"line":470,"column":38}},"284":{"start":{"line":471,"column":1},"end":{"line":471,"column":25}},"285":{"start":{"line":475,"column":0},"end":{"line":489,"column":2}},"286":{"start":{"line":477,"column":1},"end":{"line":477,"column":26}},"287":{"start":{"line":479,"column":1},"end":{"line":486,"column":3}},"288":{"start":{"line":481,"column":2},"end":{"line":484,"column":5}},"289":{"start":{"line":482,"column":3},"end":{"line":482,"column":40}},"290":{"start":{"line":482,"column":12},"end":{"line":482,"column":40}},"291":{"start":{"line":483,"column":3},"end":{"line":483,"column":28}},"292":{"start":{"line":488,"column":1},"end":{"line":488,"column":25}}},"branchMap":{"1":{"line":14,"type":"if","locations":[{"start":{"line":14,"column":1},"end":{"line":14,"column":1}},{"start":{"line":14,"column":1},"end":{"line":14,"column":1}}]},"2":{"line":58,"type":"if","locations":[{"start":{"line":58,"column":2},"end":{"line":58,"column":2}},{"start":{"line":58,"column":2},"end":{"line":58,"column":2}}]},"3":{"line":62,"type":"if","locations":[{"start":{"line":62,"column":3},"end":{"line":62,"column":3}},{"start":{"line":62,"column":3},"end":{"line":62,"column":3}}]},"4":{"line":63,"type":"binary-expr","locations":[{"start":{"line":63,"column":30},"end":{"line":63,"column":36}},{"start":{"line":63,"column":40},"end":{"line":63,"column":69}}]},"5":{"line":78,"type":"if","locations":[{"start":{"line":78,"column":4},"end":{"line":78,"column":4}},{"start":{"line":78,"column":4},"end":{"line":78,"column":4}}]},"6":{"line":85,"type":"binary-expr","locations":[{"start":{"line":85,"column":29},"end":{"line":85,"column":35}},{"start":{"line":85,"column":39},"end":{"line":85,"column":68}}]},"7":{"line":94,"type":"if","locations":[{"start":{"line":94,"column":1},"end":{"line":94,"column":1}},{"start":{"line":94,"column":1},"end":{"line":94,"column":1}}]},"8":{"line":95,"type":"if","locations":[{"start":{"line":95,"column":1},"end":{"line":95,"column":1}},{"start":{"line":95,"column":1},"end":{"line":95,"column":1}}]},"9":{"line":111,"type":"if","locations":[{"start":{"line":111,"column":2},"end":{"line":111,"column":2}},{"start":{"line":111,"column":2},"end":{"line":111,"column":2}}]},"10":{"line":116,"type":"if","locations":[{"start":{"line":116,"column":4},"end":{"line":116,"column":4}},{"start":{"line":116,"column":4},"end":{"line":116,"column":4}}]},"11":{"line":135,"type":"if","locations":[{"start":{"line":135,"column":2},"end":{"line":135,"column":2}},{"start":{"line":135,"column":2},"end":{"line":135,"column":2}}]},"12":{"line":135,"type":"binary-expr","locations":[{"start":{"line":135,"column":6},"end":{"line":135,"column":31}},{"start":{"line":135,"column":35},"end":{"line":135,"column":60}}]},"13":{"line":138,"type":"if","locations":[{"start":{"line":138,"column":2},"end":{"line":138,"column":2}},{"start":{"line":138,"column":2},"end":{"line":138,"column":2}}]},"14":{"line":143,"type":"if","locations":[{"start":{"line":143,"column":2},"end":{"line":143,"column":2}},{"start":{"line":143,"column":2},"end":{"line":143,"column":2}}]},"15":{"line":145,"type":"if","locations":[{"start":{"line":145,"column":3},"end":{"line":145,"column":3}},{"start":{"line":145,"column":3},"end":{"line":145,"column":3}}]},"16":{"line":151,"type":"if","locations":[{"start":{"line":151,"column":3},"end":{"line":151,"column":3}},{"start":{"line":151,"column":3},"end":{"line":151,"column":3}}]},"17":{"line":162,"type":"if","locations":[{"start":{"line":162,"column":3},"end":{"line":162,"column":3}},{"start":{"line":162,"column":3},"end":{"line":162,"column":3}}]},"18":{"line":181,"type":"if","locations":[{"start":{"line":181,"column":2},"end":{"line":181,"column":2}},{"start":{"line":181,"column":2},"end":{"line":181,"column":2}}]},"19":{"line":181,"type":"binary-expr","locations":[{"start":{"line":181,"column":6},"end":{"line":181,"column":31}},{"start":{"line":1
[...]
art":{"line":348,"column":27},"end":{"line":348,"column":28}}]},"57":{"line":349,"type":"binary-expr","locations":[{"start":{"line":349,"column":14},"end":{"line":349,"column":23}},{"start":{"line":349,"column":27},"end":{"line":349,"column":28}}]},"58":{"line":350,"type":"cond-expr","locations":[{"start":{"line":350,"column":32},"end":{"line":350,"column":35}},{"start":{"line":350,"column":38},"end":{"line":350,"column":40}}]},"59":{"line":354,"type":"if","locations":[{"start":{"line":354,"column":2},"end":{"line":354,"column":2}},{"start":{"line":354,"column":2},"end":{"line":354,"column":2}}]},"60":{"line":356,"type":"if","locations":[{"start":{"line":356,"column":3},"end":{"line":356,"column":3}},{"start":{"line":356,"column":3},"end":{"line":356,"column":3}}]},"61":{"line":362,"type":"if","locations":[{"start":{"line":362,"column":3},"end":{"line":362,"column":3}},{"start":{"line":362,"column":3},"end":{"line":362,"column":3}}]},"62":{"line":376,"type":"if","locations":[{"start":{"line":376,"column":4},"end":{"line":376,"column":4}},{"start":{"line":376,"column":4},"end":{"line":376,"column":4}}]},"63":{"line":380,"type":"if","locations":[{"start":{"line":380,"column":3},"end":{"line":380,"column":3}},{"start":{"line":380,"column":3},"end":{"line":380,"column":3}}]},"64":{"line":387,"type":"if","locations":[{"start":{"line":387,"column":3},"end":{"line":387,"column":3}},{"start":{"line":387,"column":3},"end":{"line":387,"column":3}}]},"65":{"line":404,"type":"if","locations":[{"start":{"line":404,"column":2},"end":{"line":404,"column":2}},{"start":{"line":404,"column":2},"end":{"line":404,"column":2}}]},"66":{"line":404,"type":"binary-expr","locations":[{"start":{"line":404,"column":6},"end":{"line":404,"column":31}},{"start":{"line":404,"column":35},"end":{"line":404,"column":60}}]},"67":{"line":405,"type":"if","locations":[{"start":{"line":405,"column":2},"end":{"line":405,"column":2}},{"start":{"line":405,"column":2},"end":{"line":405,"column":2}}]},"68":{"line":407,"type":"binary-expr","locations":[{"start":{"line":407,"column":19},"end":{"line":407,"column":33}},{"start":{"line":407,"column":37},"end":{"line":407,"column":50}}]},"69":{"line":408,"type":"binary-expr","locations":[{"start":{"line":408,"column":20},"end":{"line":408,"column":35}},{"start":{"line":408,"column":39},"end":{"line":408,"column":47}}]},"70":{"line":409,"type":"binary-expr","locations":[{"start":{"line":409,"column":14},"end":{"line":409,"column":23}},{"start":{"line":409,"column":27},"end":{"line":409,"column":28}}]},"71":{"line":410,"type":"binary-expr","locations":[{"start":{"line":410,"column":14},"end":{"line":410,"column":23}},{"start":{"line":410,"column":27},"end":{"line":410,"column":28}}]},"72":{"line":421,"type":"if","locations":[{"start":{"line":421,"column":3},"end":{"line":421,"column":3}},{"start":{"line":421,"column":3},"end":{"line":421,"column":3}}]},"73":{"line":422,"type":"if","locations":[{"start":{"line":422,"column":8},"end":{"line":422,"column":8}},{"start":{"line":422,"column":8},"end":{"line":422,"column":8}}]},"74":{"line":426,"type":"if","locations":[{"start":{"line":426,"column":3},"end":{"line":426,"column":3}},{"start":{"line":426,"column":3},"end":{"line":426,"column":3}}]},"75":{"line":428,"type":"if","locations":[{"start":{"line":428,"column":4},"end":{"line":428,"column":4}},{"start":{"line":428,"column":4},"end":{"line":428,"column":4}}]},"76":{"line":434,"type":"if","locations":[{"start":{"line":434,"column":4},"end":{"line":434,"column":4}},{"start":{"line":434,"column":4},"end":{"line":434,"column":4}}]},"77":{"line":451,"type":"if","locations":[{"start":{"line":451,"column":5},"end":{"line":451,"column":5}},{"start":{"line":451,"column":5},"end":{"line":451,"column":5}}]},"78":{"line":455,"type":"if","locations":[{"start":{"line":455,"column":3},"end":{"line":455,"column":3}},{"start":{"line":455,"column":3},"end":{"line":455,"column":3}}]},"79":{"line":462,"type":"if","locations":[{"start":{"line":462,"column":4},"end":{"line":462,"column":4}},{"start":{"line":462,"column":4},"end":{"line":462,"column":4}}]},"80":{"line":482,"type":"if","locations":[{"start":{"line":482,"column":3},"end":{"line":482,"column":3}},{"start":{"line":482,"column":3},"end":{"line":482,"column":3}}]}},"code":["var Q = require('q');","var exec = require('child_process').execFile;","var command = require('child_process').exec;","var colors = require('colors');","var child;","var path = require('path');","var fs = require('fs');","var mkdirp = require('mkdirp');","","// check if ImageMagick is available on the system","command('convert -version', function(err, stdout, stderr) {","","\t// ImageMagick is NOT available on the system, exit with download info","\tif (err) {","\t\tconsole.log(' ImageMagick Not Found'.red)","\t\tconsole.log(' EasyImage requires ImageMagick to work. Install it from http://www.imagemagick.org/script/binary-releases.php.\\n')","\t}","","})","","var error_messages = {","\t'path': 'Missing image paths.\\nMake sure both source and destination files are specified.',","\t'dim': 'Missing dimensions.\\nSpecify the width atleast.',","\t'restricted': 'The command you are trying to execute is prohibited.',","\t'unsupported': 'File not supported.',","};","","// general info function","function info(file) {","","\tvar deferred = Q.defer();","\tvar parseSize = function(sizeString) {","","\t\tvar unit = {","\t\t\tB: 1,","\t\t\tKB: 1000,","\t\t\tMB: 1000000,            // =1000^2","\t\t\tGB: 1000000000,         // =1000^3","\t\t\tTB: 1000000000000       // =1000^4","\t\t};","","\t\tvar rx = /^(\\d*\\.?\\d*)([KMGT]?B)$/;  // regex for extract the float value and its unit","\t\tvar sizeArray = rx.exec(sizeString);","","\t\treturn parseFloat(sizeArray[1]) * unit[sizeArray[2]];","\t};","","\t//file = quoted_name(file);","\t// %z = depth, %m = type, %w = width, %h = height, %b = rounded filesize in byte, %f = filename, %x = density","\tvar args = ['-format']","\targs.push('%m %z %w %h %b %x %y %f')","\targs.push(file)","","\tchild = exec('identify', args, function(err, stdout, stderr) {","\t\tvar info = {};","\t\t//console.log(stdout)","\t\t//Basic error handling","\t\tif (stdout) {","      var temp = stdout.replace(/PixelsPerInch/g, '').replace(/PixelsPerCentimeter/g, '').replace(/Undefined/g, '').split(/\\s+/g);","","\t\t\t//Basic error handling:","\t\t\tif (temp.length < 7) {","\t\t\t\tdeferred.reject(new Error(stderr || error_messages['unsupported']));","\t\t\t} else {","","\t\t\t\tinfo.type    = temp[0].toLowerCase();","\t\t\t\tinfo.depth   = parseInt(temp[1]);","\t\t\t\tinfo.width   = parseInt(temp[2]);","\t\t\t\tinfo.height  = parseInt(temp[3]);","\t\t\t\tinfo.size    = parseSize(temp[4]);","\t\t\t\tinfo.density = {","\t\t\t\t\tx: parseFloat(temp[5]),","\t\t\t\t\ty: parseFloat(temp[6]),","\t\t\t\t};","\t\t\t\tinfo.name    = temp.slice(7).join(' ').replace(/(\\r\\n|\\n|\\r)/gm, '').trim();","\t\t\t\tinfo.path = file;","","\t\t\t\tif (stderr) {","\t\t\t\t\tinfo.warnings = stderr.split('\\n');","\t\t\t\t}","","\t\t\t\tdeferred.resolve(info);","\t\t\t}","\t\t} else {","\t\t\tdeferred.reject(new Error(stderr || error_messages['unsupported']));","\t\t}","\t});","","\treturn deferred.promise;","}","","// function to quote file names, if not already","function quoted_name(name) {","\tif (name[0] != '\"') name = '\"' + name;","\tif (name[name.length - 1] != '\"') name = name + '\"';","\treturn name;","};","","","// get basic information about an image file","exports.info = function(file) {","\treturn info(file);","};","","","","function directoryCheck(options, command) {","","\tvar targetDir = path.dirname(options.dst)","\tfs.exists(targetDir, function (exists) {","\t\tif (exists) {","\t\t\tcommand()","\t\t}","\t\telse {","\t\t\tmkdirp(targetDir, function (error) {","\t\t\t\tif (error) {","\t\t\t\t\tthrow new Error(error)","\t\t\t\t}","\t\t\t\telse {","\t\t\t\t\tcommand()","\t\t\t\t}","\t\t\t})","\t\t}","\t})","}","","","// convert a file type to another","exports.convert = function(options) {","","\tvar deferred = Q.defer();","","\tfunction imgConvert() {","","\t\tif (options.src === undefined || options.dst === undefined) return deferred.reject(error_messages['path']);","","\t\tvar args = [options.src]","\t\tif (options.quality) {","\t\t\targs.push('-quality')","\t\t\targs.push(options.quality)","\t\t}","","\t\tif (options.flatten) {","\t\t\targs.push('-flatten')","\t\t\tif (options.background) {","\t\t\t\targs.push('-background')","\t\t\t\targs.push(options.background)","\t\t\t}\t","\t\t}","\t\telse {","\t\t\tif (options.background) {","\t\t\t\targs.push('-background')","\t\t\t\targs.push(options.background)","\t\t\t\targs.push('-flatten')","\t\t\t}\t","\t\t}","","\t\targs.push(options.dst)","","\t\tchild = exec('convert', args, function(err, stdout, stderr) {","","\t\t\tif (err) deferred.reject(err);","\t\t\telse deferred.resolve(info(options.dst));","\t\t});","","\t}","","\tdirectoryCheck(options, imgConvert)","","\treturn deferred.promise;","};","","","// rotate a file","exports.rotate = function(options) {","","\tvar deferred = Q.defer();","","\tfunction imgRotate() {","","\t\tif (options.src === undefined || options.dst === undefined || options.degree === undefined) return deferred.reject(error_messages['path']);","","\t\tvar args = [options.src]","","\t\tif (options.flatten) {","\t\t\targs.push('-flatten')","\t\t\tif (options.background) {","\t\t\t\targs.push('-background')","\t\t\t\targs.push(options.background)","\t\t\t}\t","\t\t}","\t\telse {","\t\t\tif (options.background) {","\t\t\t\targs.push('-background')","\t\t\t\targs.push(options.background)","\t\t\t\targs.push('-flatten')","\t\t\t}\t","\t\t}","","\t\targs.push('-rotate')","\t\targs.push(options.degree)"," \t\tif (options.background) {","\t\t\targs.push('-background')","\t\t\targs.push(options.background)","\t\t}","\t\targs.push(options.dst)","","\t\tchild = exec('convert', args, function(err, stdout, stderr) {","\t\t\tif (err) deferred.reject(err);","\t\t\telse deferred.resolve(info(options.dst));","\t\t});","","\t}","","\tdirectoryCheck(options, imgRotate)","","\treturn deferred.promise;","};","","// resize an image","exports.resize = function(options) {","","\tvar deferred = Q.defer();","","\tfunction imgResize() {","","\t\tif (options.src === undefined || options.dst === undefined) return deferred.reject(error_messages['path']);","\t\tif (options.width === undefined) return deferred.reject(error_messages['dim']);","","\t\toptions.height = options.height || options.width;","","    var args = [options.src]","","\t\tif (options.flatten) {","\t\t\targs.push('-flatten')","\t\t\tif (options.background) {","\t\t\t\targs.push('-background')","\t\t\t\targs.push(options.background)","\t\t\t}\t","\t\t}","\t\telse {","\t\t\tif (options.background) {","\t\t\t\targs.push('-background')","\t\t\t\targs.push(options.background)","\t\t\t\targs.push('-flatten')","\t\t\t}\t","\t\t}","","    args.push('-auto-orient')","    args.push('-resize')","    args.push(options.width + 'x' + options.height)","    if (options.ignoreAspectRatio) {","      args[args.length-1] += '!';","    }","    if (options.quality) {","    \targs.push('-quality')","    \targs.push(options.quality)","    }"," \t\tif (options.background) {","\t\t\targs.push('-background')","\t\t\targs.push(options.background)","\t\t}","    args.push(options.dst)","","\t\tchild = exec('convert', args, function(err, stdout, stderr) {","\t\t\tif (err) deferred.reject(err);","\t\t\tdeferred.resolve(info(options.dst));","\t\t});","","\t}","","\tdirectoryCheck(options, imgResize)","\treturn deferred.promise;","};","","// crop an image","exports.crop = function(options) {","","\tvar deferred = Q.defer();","","\tfunction imgCrop() {","\t\tif (options.src === undefined || options.dst === undefined) return deferred.reject(error_messages['path']);","\t\tif (options.cropwidth === undefined) return deferred.reject(error_messages['dim']);","","\t\toptions.cropheight = options.cropheight || options.cropwidth;","\t\toptions.gravity = options.gravity || 'Center';","\t\toptions.x = options.x || 0;","\t\toptions.y = options.y || 0;","","    var args = [options.src]","","\t\tif (options.flatten) {","\t\t\targs.push('-flatten')","\t\t\tif (options.background) {","\t\t\t\targs.push('-background')","\t\t\t\targs.push(options.background)","\t\t\t}\t","\t\t}","\t\telse {","\t\t\tif (options.background) {","\t\t\t\targs.push('-background')","\t\t\t\targs.push(options.background)","\t\t\t\targs.push('-flatten')","\t\t\t}\t","\t\t}","","    args.push('-auto-orient')","    args.push('-gravity')","    args.push(options.gravity)","    args.push('-crop')","    args.push(options.cropwidth + 'x'+ options.cropheight + '+' + options.x + '+' + options.y)","    if (options.quality) {","    \targs.push('-quality')","    \targs.push(options.quality)","    }"," \t\tif (options.background) {","\t\t\targs.push('-background')","\t\t\targs.push(options.background)","\t\t}","    args.push(options.dst)","","\t\tchild = exec('convert', args, function(err, stdout, stderr) {","\t\t\tif (err) deferred.reject(err);","\t\t\tdeferred.resolve(info(options.dst));","\t\t});","\t}","","\tdirectoryCheck(options, imgCrop)","\treturn deferred.promise;","};","","// resize and crop in one shot!","exports.rescrop = function(options) {","","\tvar deferred = Q.defer();","","\tfunction imgResCrop() {","","\t\tif (options.src === undefined || options.dst === undefined) return deferred.reject(error_messages['path']);","\t\tif (options.width === undefined) return deferred.reject(error_messages['dim']);","","\t\toptions.height = options.height || options.width;","","\t\toptions.cropwidth = options.cropwidth || options.width;","\t\toptions.cropheight = options.cropheight || options.height;","","\t\toptions.gravity = options.gravity || 'Center';","\t\toptions.x = options.x || 0;","\t\toptions.y = options.y || 0;","\t\toptions.fill = options.fill ? '^' : '';","","    var args = [options.src]","","\t\tif (options.flatten) {","\t\t\targs.push('-flatten')","\t\t\tif (options.background) {","\t\t\t\targs.push('-background')","\t\t\t\targs.push(options.background)","\t\t\t}\t","\t\t}","\t\telse {","\t\t\tif (options.background) {","\t\t\t\targs.push('-background')","\t\t\t\targs.push(options.background)","\t\t\t\targs.push('-flatten')","\t\t\t}\t","\t\t}","","    args.push('-auto-orient')","    args.push('-gravity')","    args.push(options.gravity)","    args.push('-resize')","    args.push(options.width + 'x' + options.height + options.fill)","    args.push('-crop')","    args.push(options.cropwidth + 'x'+ options.cropheight + '+' + options.x + '+' + options.y)","    if (options.quality) {","    \targs.push('-quality')","    \targs.push(options.quality)","    }"," \t\tif (options.background) {","\t\t\targs.push('-background')","\t\t\targs.push(options.background)","\t\t}","    args.push(options.dst)","","\t\tchild = exec('convert', args, function(err, stdout, stderr) {","\t\t\tif (err) deferred.reject(err);","\t\t\tdeferred.resolve(info(options.dst));","\t\t});","","\t}","","\tdirectoryCheck(options, imgResCrop)","\treturn deferred.promise;","};","","// create thumbnails","exports.thumbnail = function(options) {","","\tvar deferred = Q.defer();","","\tfunction imgThumbnail() {","","\t\tif (options.src === undefined || options.dst === undefined) return deferred.reject(error_messages['path']);","\t\tif (options.width === undefined) return deferred.reject(error_messages['dim']);","","\t\toptions.height = options.height || options.width;","\t\toptions.gravity = options.gravity || 'Center';","\t\toptions.x = options.x || 0;","\t\toptions.y = options.y || 0;","","\t\tinfo(options.src).then(function(original) {","","\t\t\t// dimensions come as strings, convert them to number","\t\t\toriginal.width = +original.width;","\t\t\toriginal.height = +original.height;","","\t\t\tvar resizewidth = options.width;","\t\t\tvar resizeheight = options.height;","","\t\t\tif (original.width > original.height) { resizewidth = ''; }","\t\t\telse if (original.height > original.width) { resizeheight = ''; }","","\t    var args = [options.src]","","\t\t\tif (options.flatten) {","\t\t\t\targs.push('-flatten')","\t\t\t\tif (options.background) {","\t\t\t\t\targs.push('-background')","\t\t\t\t\targs.push(options.background)","\t\t\t\t}\t","\t\t\t}","\t\t\telse {","\t\t\t\tif (options.background) {","\t\t\t\t\targs.push('-background')","\t\t\t\t\targs.push(options.background)","\t\t\t\t\targs.push('-flatten')","\t\t\t\t}\t","\t\t\t}","","\t    args.push('-auto-orient')","\t    args.push('-gravity')","\t    args.push(options.gravity)","\t    args.push('-interpolate')","\t    args.push('bicubic')","\t    args.push('-strip')","\t    args.push('-thumbnail')","\t    args.push(resizewidth + 'x' + resizeheight)","\t    args.push('-crop')","\t    args.push(options.width + 'x'+ options.height + '+' + options.x + '+' + options.y)","\t    if (options.quality) {","\t    \targs.push('-quality')","\t    \targs.push(options.quality)","\t    }","\t\t\tif (options.background) {","\t\t\t\targs.push('-background')","\t\t\t\targs.push(options.background)","\t\t\t}","\t    args.push(options.dst)","","\t\t\tchild = exec('convert', args, function(err, stdout, stderr) {","\t\t\t\tif (err) return deferred.reject(err);","\t\t\t\tdeferred.resolve(info(options.dst));","\t\t\t});","","\t\t}, function (err) { deferred.reject(err); });","","\t}","","\tdirectoryCheck(options, imgThumbnail)","\treturn deferred.promise;","};","","// issue your own ImageMagick command","exports.exec = function(cmd) {","","\tvar deferred = Q.defer();","","\tprocess.nextTick(function () {","","\t\tchild = command(cmd, function(err, stdout, stderr) {","\t\t\tif (err) return deferred.reject(err);","\t\t\tdeferred.resolve(stdout);","\t\t});","","\t})","","\treturn deferred.promise;","};",""],"l":{"1":1,"2":1,"3":1,"4":1,"5":1,"6":1,"7":1,"8":1,"11":1,"14":1,"15":0,"16":0,"21":1,"29":1,"31":0,"32":0,"34":0,"42":0,"43":0,"45":0,"50":0,"51":0,"52":0,"54":0,"55":0,"58":0,"59":0,"62":0,"63":0,"66":0,"67":0,"68":0,"69":0,"70":0,"71":0,"75":0,"76":0,"78":0,"79":0,"82":0,"85":0,"89":0,"93":1,"94":0,"95":0,"96":0,"101":1,"102":0,"107":1,"109":0,"110":0,"111":0,"112":0,"115":0,"116":0,"117":0,"120":0,"129":1,"131":0,"133":1,"135":0,"137":0,"138":0,"139":0,"140":0,"143":0,"144":0,"145":0,"146":0,"147":0,"151":0,"152":0,"153":0,"154":0,"158":0,"160":0,"162":0,"163":0,"168":0,"170":0,"175":1,"177":0,"179":1,"181":0,"183":0,"185":0,"186":0,"187":0,"188":0,"189":0,"193":0,"194":0,"195":0,"196":0,"200":0,"201":0,"202":0,"203":0,"204":0,"206":0,"208":0,"209":0,"210":0,"215":0,"217":0,"221":1,"223":0,"225":1,"227":0,"228":0,"230":0,"232":0,"234":0,"235":0,"236":0,"237":0,"238":0,"242":0,"243":0,"244":0,"245":0,"249":0,"250":0,"251":0,"252":0,"253":0,"255":0,"256":0,"257":0,"259":0,"260":0,"261":0,"263":0,"265":0,"266":0,"267":0,"272":0,"273":0,"277":1,"279":0,"281":1,"282":0,"283":0,"285":0,"286":0,"287":0,"288":0,"290":0,"292":0,"293":0,"294":0,"295":0,"296":0,"300":0,"301":0,"302":0,"303":0,"307":0,"308":0,"309":0,"310":0,"311":0,"312":0,"313":0,"314":0,"316":0,"317":0,"318":0,"320":0,"322":0,"323":0,"324":0,"328":0,"329":0,"333":1,"335":0,"337":1,"339":0,"340":0,"342":0,"344":0,"345":0,"347":0,"348":0,"349":0,"350":0,"352":0,"354":0,"355":0,"356":0,"357":0,"358":0,"362":0,"363":0,"364":0,"365":0,"369":0,"370":0,"371":0,"372":0,"373":0,"374":0,"375":0,"376":0,"377":0,"378":0,"380":0,"381":0,"382":0,"384":0,"386":0,"387":0,"388":0,"393":0,"394":0,"398":1,"400":0,"402":1,"404":0,"405":0,"407":0,"408":0,"409":0,"410":0,"412":0,"415":0,"416":0,"418":0,"419":0,"421":0,"422":0,"424":0,"426":0,"427":0,"428":0,"429":0,"430":0,"434":0,"435":0,"436":0,"437":0,"441":0,"442":0,"443":0,"444":0,"445":0,"446":0,"447":0,"448":0,"449":0,"450":0,"451":0,"452":0,"453":0,"455":0,"456":0,"457":0,"459":0,"461":0,"462":0,"463":0,"466":0,"470":0,"471":0,"475":1,"477":0,"479":0,"481":0,"482":0,"483":0,"488":0}}}